TN:
SF:src\app.module.ts
FN:73,(anonymous_1)
FNF:1
FNH:0
FNDA:0,(anonymous_1)
DA:1,0
DA:2,0
DA:3,0
DA:4,0
DA:5,0
DA:6,0
DA:7,0
DA:8,0
DA:9,0
DA:10,0
DA:11,0
DA:12,0
DA:13,0
DA:14,0
DA:15,0
DA:16,0
DA:17,0
DA:18,0
DA:19,0
DA:20,0
DA:21,0
DA:22,0
DA:23,0
DA:24,0
DA:25,0
DA:26,0
DA:27,0
DA:28,0
DA:72,0
DA:74,0
LF:30
LH:0
BRF:0
BRH:0
end_of_record
TN:
SF:src\instrument.ts
FN:4,initSentry
FNF:1
FNH:0
FNDA:0,initSentry
DA:4,0
DA:5,0
DA:6,0
DA:7,0
DA:9,0
DA:11,0
DA:12,0
DA:21,0
LF:8
LH:0
BRDA:6,0,0,0
BRDA:15,1,0,0
BRDA:15,1,1,0
BRDA:15,1,2,0
BRDA:17,2,0,0
BRDA:17,2,1,0
BRF:6
BRH:0
end_of_record
TN:
SF:src\worker.module.ts
FNF:0
FNH:0
DA:1,0
DA:2,0
DA:3,0
DA:4,0
DA:5,0
DA:6,0
DA:7,0
DA:8,0
DA:9,0
DA:26,0
LF:10
LH:0
BRF:0
BRH:0
end_of_record
TN:
SF:src\common\common.module.ts
FNF:0
FNH:0
DA:1,0
DA:2,0
DA:9,0
LF:3
LH:0
BRF:0
BRH:0
end_of_record
TN:
SF:src\common\decorators\current-user.decorator.ts
FN:5,(anonymous_0)
FNF:1
FNH:0
FNDA:0,(anonymous_0)
DA:1,0
DA:4,0
DA:6,0
DA:7,0
LF:4
LH:0
BRF:0
BRH:0
end_of_record
TN:
SF:src\common\decorators\public.decorator.ts
FN:4,(anonymous_0)
FNF:1
FNH:0
FNDA:0,(anonymous_0)
DA:1,0
DA:3,0
DA:4,0
LF:3
LH:0
BRF:0
BRH:0
end_of_record
TN:
SF:src\common\decorators\roles.decorator.ts
FN:5,(anonymous_0)
FNF:1
FNH:0
FNDA:0,(anonymous_0)
DA:1,0
DA:4,0
DA:5,0
LF:3
LH:0
BRF:0
BRH:0
end_of_record
TN:
SF:src\common\decorators\tenant.decorator.ts
FN:9,(anonymous_0)
FNF:1
FNH:0
FNDA:0,(anonymous_0)
DA:1,0
DA:2,0
DA:8,0
DA:10,0
DA:11,0
DA:12,0
DA:13,0
DA:15,0
LF:8
LH:0
BRDA:12,0,0,0
BRF:1
BRH:0
end_of_record
TN:
SF:src\common\dto\pagination-query.dto.ts
FN:6,(anonymous_2)
FN:12,(anonymous_3)
FNF:2
FNH:0
FNDA:0,(anonymous_2)
FNDA:0,(anonymous_3)
DA:1,0
DA:2,0
DA:4,0
DA:6,0
DA:9,0
DA:12,0
DA:16,0
DA:20,0
DA:24,0
LF:9
LH:0
BRF:0
BRH:0
end_of_record
TN:
SF:src\common\exceptions\domain.exceptions.ts
FN:4,(anonymous_0)
FN:14,(anonymous_1)
FN:20,(anonymous_2)
FN:26,(anonymous_3)
FN:32,(anonymous_4)
FN:38,(anonymous_5)
FN:44,(anonymous_6)
FNF:7
FNH:1
FNDA:0,(anonymous_0)
FNDA:0,(anonymous_1)
FNDA:0,(anonymous_2)
FNDA:1,(anonymous_3)
FNDA:0,(anonymous_4)
FNDA:0,(anonymous_5)
FNDA:0,(anonymous_6)
DA:1,1
DA:3,1
DA:6,0
DA:9,0
DA:13,1
DA:15,0
DA:19,1
DA:21,0
DA:25,1
DA:27,1
DA:31,1
DA:33,0
DA:37,1
DA:39,0
DA:43,1
DA:45,0
LF:16
LH:9
BRDA:14,0,0,0
BRDA:20,1,0,0
BRDA:26,2,0,0
BRDA:32,3,0,0
BRDA:38,4,0,0
BRDA:44,5,0,0
BRF:6
BRH:0
end_of_record
TN:
SF:src\common\filters\http-exception.filter.ts
FN:17,(anonymous_1)
FN:82,(anonymous_2)
FNF:2
FNH:0
FNDA:0,(anonymous_1)
FNDA:0,(anonymous_2)
DA:1,0
DA:11,0
DA:14,0
DA:15,0
DA:18,0
DA:19,0
DA:20,0
DA:23,0
DA:28,0
DA:29,0
DA:30,0
DA:33,0
DA:34,0
DA:35,0
DA:36,0
DA:37,0
DA:38,0
DA:39,0
DA:40,0
DA:41,0
DA:42,0
DA:43,0
DA:44,0
DA:45,0
DA:50,0
DA:52,0
DA:53,0
DA:55,0
DA:57,0
DA:58,0
DA:63,0
DA:64,0
DA:65,0
DA:68,0
DA:69,0
DA:72,0
DA:73,0
DA:79,0
DA:83,0
DA:91,0
LF:40
LH:0
BRDA:23,0,0,0
BRDA:23,0,1,0
BRDA:24,1,0,0
BRDA:24,1,1,0
BRDA:33,2,0,0
BRDA:36,3,0,0
BRDA:36,3,1,0
BRDA:39,4,0,0
BRDA:39,5,0,0
BRDA:39,5,1,0
BRDA:42,6,0,0
BRDA:42,6,1,0
BRDA:45,7,0,0
BRDA:46,8,0,0
BRDA:46,8,1,0
BRDA:46,8,2,0
BRDA:52,9,0,0
BRDA:56,10,0,0
BRDA:56,10,1,0
BRDA:57,11,0,0
BRDA:57,12,0,0
BRDA:57,12,1,0
BRDA:64,13,0,0
BRDA:68,14,0,0
BRDA:68,14,1,0
BRDA:70,15,0,0
BRDA:70,15,1,0
BRDA:72,16,0,0
BRDA:74,17,0,0
BRDA:74,17,1,0
BRDA:75,18,0,0
BRDA:75,18,1,0
BRDA:91,19,0,0
BRDA:91,19,1,0
BRF:34
BRH:0
end_of_record
TN:
SF:src\common\guards\auth-rate-limit.guard.ts
FN:13,(anonymous_2)
FN:15,(anonymous_3)
FNF:2
FNH:0
FNDA:0,(anonymous_2)
FNDA:0,(anonymous_3)
DA:1,0
DA:9,0
DA:12,0
DA:13,0
DA:16,0
DA:17,0
DA:18,0
DA:19,0
DA:20,0
DA:21,0
DA:29,0
LF:11
LH:0
BRDA:17,0,0,0
BRDA:17,0,1,0
BRDA:17,0,2,0
BRDA:20,1,0,0
BRF:4
BRH:0
end_of_record
TN:
SF:src\common\guards\jwt-auth.guard.ts
FN:13,(anonymous_2)
FN:18,(anonymous_3)
FNF:2
FNH:0
FNDA:0,(anonymous_2)
FNDA:0,(anonymous_3)
DA:1,0
DA:7,0
DA:8,0
DA:9,0
DA:12,0
DA:14,0
DA:15,0
DA:19,0
DA:23,0
DA:24,0
DA:27,0
DA:32,0
DA:33,0
DA:34,0
DA:37,0
DA:38,0
DA:39,0
LF:17
LH:0
BRDA:23,0,0,0
BRDA:33,1,0,0
BRF:2
BRH:0
end_of_record
TN:
SF:src\common\guards\rate-limit.guard.ts
FN:22,(anonymous_2)
FN:27,(anonymous_3)
FN:32,(anonymous_4)
FNF:3
FNH:0
FNDA:0,(anonymous_2)
FNDA:0,(anonymous_3)
FNDA:0,(anonymous_4)
DA:1,0
DA:9,0
DA:11,0
DA:14,0
DA:22,0
DA:23,0
DA:26,0
DA:28,0
DA:29,0
DA:33,0
DA:37,0
DA:38,0
DA:41,0
DA:44,0
DA:45,0
DA:46,0
DA:51,0
DA:52,0
DA:57,0
LF:19
LH:0
BRDA:37,0,0,0
BRDA:44,1,0,0
BRDA:44,1,1,0
BRDA:44,1,2,0
BRDA:51,2,0,0
BRF:5
BRH:0
end_of_record
TN:
SF:src\common\guards\roles.guard.ts
FN:14,(anonymous_2)
FN:16,(anonymous_3)
FNF:2
FNH:0
FNDA:0,(anonymous_2)
FNDA:0,(anonymous_3)
DA:1,0
DA:7,0
DA:9,0
DA:13,0
DA:14,0
DA:17,0
DA:22,0
DA:23,0
DA:26,0
DA:29,0
DA:30,0
DA:33,0
DA:34,0
DA:37,0
DA:38,0
DA:41,0
LF:16
LH:0
BRDA:22,0,0,0
BRDA:29,1,0,0
BRDA:33,2,0,0
BRDA:37,3,0,0
BRF:4
BRH:0
end_of_record
TN:
SF:src\common\guards\tenant.guard.ts
FN:11,(anonymous_1)
FNF:1
FNH:0
FNDA:0,(anonymous_1)
DA:1,0
DA:10,0
DA:12,0
DA:22,0
DA:23,0
DA:24,0
DA:27,0
DA:28,0
DA:35,0
DA:36,0
DA:38,0
DA:42,0
DA:44,0
DA:48,0
LF:14
LH:0
BRDA:23,0,0,0
BRDA:36,1,0,0
BRDA:36,2,0,0
BRDA:36,2,1,0
BRDA:38,3,0,0
BRDA:39,4,0,0
BRDA:39,4,1,0
BRF:7
BRH:0
end_of_record
TN:
SF:src\common\interceptors\tenant-context.interceptor.ts
FN:21,(anonymous_1)
FNF:1
FNH:0
FNDA:0,(anonymous_1)
DA:1,0
DA:8,0
DA:9,0
DA:20,0
DA:22,0
DA:23,0
DA:24,0
DA:25,0
DA:30,0
DA:31,0
DA:33,0
LF:11
LH:0
BRDA:24,0,0,0
BRF:1
BRH:0
end_of_record
TN:
SF:src\common\interceptors\transform.interceptor.ts
FN:11,(anonymous_1)
FN:23,(anonymous_2)
FNF:2
FNH:0
FNDA:0,(anonymous_1)
FNDA:0,(anonymous_2)
DA:1,0
DA:7,0
DA:10,0
DA:12,0
DA:16,0
DA:20,0
DA:22,0
DA:24,0
DA:25,0
DA:29,0
DA:34,0
LF:11
LH:0
BRDA:16,0,0,0
BRDA:16,0,1,0
BRDA:20,1,0,0
BRDA:20,1,1,0
BRDA:24,2,0,0
BRDA:24,3,0,0
BRDA:24,3,1,0
BRDA:24,3,2,0
BRF:8
BRH:0
end_of_record
TN:
SF:src\common\middleware\correlation-id.middleware.ts
FN:7,isUuid
FN:15,(anonymous_2)
FNF:2
FNH:0
FNDA:0,isUuid
FNDA:0,(anonymous_2)
DA:1,0
DA:2,0
DA:5,0
DA:8,0
DA:14,0
DA:17,0
DA:19,0
DA:22,0
DA:23,0
DA:24,0
LF:10
LH:0
BRDA:17,0,0,0
BRDA:17,0,1,0
BRDA:19,1,0,0
BRDA:19,1,1,0
BRDA:19,2,0,0
BRDA:19,2,1,0
BRDA:19,2,2,0
BRF:7
BRH:0
end_of_record
TN:
SF:src\common\middleware\request-log.middleware.ts
FN:8,(anonymous_1)
FN:13,(anonymous_2)
FNF:2
FNH:0
FNDA:0,(anonymous_1)
FNDA:0,(anonymous_2)
DA:1,0
DA:5,0
DA:6,0
DA:9,0
DA:10,0
DA:11,0
DA:13,0
DA:14,0
DA:20,0
DA:21,0
DA:26,0
LF:11
LH:0
BRDA:16,0,0,0
BRDA:16,0,1,0
BRDA:16,1,0,0
BRDA:16,1,1,0
BRDA:20,2,0,0
BRDA:20,3,0,0
BRDA:20,3,1,0
BRDA:22,4,0,0
BRDA:22,4,1,0
BRDA:22,5,0,0
BRDA:22,5,1,0
BRF:11
BRH:0
end_of_record
TN:
SF:src\common\services\audit.service.ts
FN:19,toUuidOrUndefined
FN:30,(anonymous_3)
FN:32,(anonymous_4)
FN:49,(anonymous_5)
FNF:4
FNH:0
FNDA:0,toUuidOrUndefined
FNDA:0,(anonymous_3)
FNDA:0,(anonymous_4)
FNDA:0,(anonymous_5)
DA:1,2
DA:3,2
DA:20,0
DA:21,0
DA:29,2
DA:30,0
DA:33,0
DA:53,0
LF:8
LH:3
BRDA:20,0,0,0
BRDA:21,1,0,0
BRDA:21,1,1,0
BRDA:35,2,0,0
BRDA:35,2,1,0
BRDA:41,3,0,0
BRDA:41,3,1,0
BRF:7
BRH:0
end_of_record
TN:
SF:src\common\tenant\tenant-context.storage.ts
FN:10,getTenantStore
FN:14,runWithTenantStore
FN:18,enterTenantStore
FNF:3
FNH:0
FNDA:0,getTenantStore
FNDA:0,runWithTenantStore
FNDA:0,enterTenantStore
DA:1,3
DA:8,3
DA:10,3
DA:11,0
DA:14,3
DA:15,0
DA:18,3
DA:19,0
LF:8
LH:5
BRF:0
BRH:0
end_of_record
TN:
SF:src\common\tenant\tenant-context.ts
FNF:0
FNH:0
DA:9,0
LF:1
LH:0
BRF:0
BRH:0
end_of_record
TN:
SF:src\common\utils\pagination.ts
FN:3,resolvePagination
FN:22,toPaginatedResult
FNF:2
FNH:0
FNDA:0,resolvePagination
FNDA:0,toPaginatedResult
DA:3,1
DA:12,0
DA:13,0
DA:14,0
DA:22,1
DA:28,0
LF:6
LH:2
BRDA:4,0,0,0
BRDA:5,1,0,0
BRF:2
BRH:0
end_of_record
TN:
SF:src\config\database-url.ts
FN:14,buildDatabaseUrl
FN:15,(anonymous_1)
FN:32,applyDatabaseUrlFromParts
FN:40,getApiPort
FNF:4
FNH:0
FNDA:0,buildDatabaseUrl
FNDA:0,(anonymous_1)
FNDA:0,applyDatabaseUrlFromParts
FNDA:0,getApiPort
DA:6,3
DA:14,3
DA:15,0
DA:16,0
DA:17,0
DA:22,0
DA:23,0
DA:24,0
DA:25,0
DA:26,0
DA:28,0
DA:32,3
DA:33,0
DA:34,0
DA:36,0
DA:40,3
DA:41,0
DA:42,0
DA:43,0
DA:44,0
DA:46,0
LF:21
LH:4
BRDA:16,0,0,0
BRDA:33,1,0,0
BRDA:41,2,0,0
BRDA:41,2,1,0
BRDA:41,2,2,0
BRDA:43,3,0,0
BRF:6
BRH:0
end_of_record
TN:
SF:src\config\export-storage.ts
FN:4,getExportRoot
FN:12,orgExportDir
FN:20,getApiPublicBaseUrl
FNF:3
FNH:0
FNDA:0,getExportRoot
FNDA:0,orgExportDir
FNDA:0,getApiPublicBaseUrl
DA:1,0
DA:2,0
DA:4,0
DA:5,0
DA:6,0
DA:7,0
DA:9,0
DA:12,0
DA:13,0
DA:14,0
DA:15,0
DA:17,0
DA:20,0
DA:21,0
DA:22,0
DA:23,0
DA:25,0
DA:26,0
LF:18
LH:0
BRDA:5,0,0,0
BRDA:5,0,1,0
BRDA:6,1,0,0
BRDA:14,2,0,0
BRDA:22,3,0,0
BRDA:25,4,0,0
BRDA:25,4,1,0
BRF:7
BRH:0
end_of_record
TN:
SF:src\config\jwt-keys.ts
FN:4,useRs256
FN:8,accessSigningKey
FN:23,accessVerificationKey
FN:34,refreshSigningKey
FN:45,refreshVerificationKey
FN:52,jwtAlgorithm
FNF:6
FNH:6
FNDA:24,useRs256
FNDA:3,accessSigningKey
FNDA:1,accessVerificationKey
FNDA:7,refreshSigningKey
FNDA:3,refreshVerificationKey
FNDA:10,jwtAlgorithm
DA:1,1
DA:2,1
DA:4,1
DA:5,24
DA:8,1
DA:9,3
DA:10,0
DA:11,0
DA:12,0
DA:14,0
DA:16,3
DA:17,3
DA:18,0
DA:20,3
DA:23,1
DA:24,1
DA:25,0
DA:26,0
DA:27,0
DA:29,0
DA:31,1
DA:34,1
DA:35,7
DA:36,0
DA:38,7
DA:39,7
DA:40,0
DA:42,7
DA:45,1
DA:46,3
DA:47,0
DA:49,3
DA:52,1
DA:53,10
LF:34
LH:22
BRDA:9,0,0,0
BRDA:11,1,0,0
BRDA:14,2,0,0
BRDA:14,2,1,0
BRDA:17,3,0,0
BRDA:17,4,0,3
BRDA:17,4,1,3
BRDA:24,5,0,0
BRDA:26,6,0,0
BRDA:29,7,0,0
BRDA:29,7,1,0
BRDA:35,8,0,0
BRDA:36,9,0,0
BRDA:36,9,1,0
BRDA:39,10,0,0
BRDA:39,11,0,7
BRDA:39,11,1,7
BRDA:46,12,0,0
BRDA:47,13,0,0
BRDA:47,13,1,0
BRDA:53,14,0,0
BRDA:53,14,1,10
BRF:22
BRH:5
end_of_record
TN:
SF:src\config\upload.ts
FN:4,getUploadRoot
FN:12,orgUploadDir
FNF:2
FNH:0
FNDA:0,getUploadRoot
FNDA:0,orgUploadDir
DA:1,0
DA:2,0
DA:4,0
DA:5,0
DA:6,0
DA:7,0
DA:9,0
DA:12,0
DA:13,0
DA:14,0
DA:15,0
DA:17,0
LF:12
LH:0
BRDA:5,0,0,0
BRDA:5,0,1,0
BRDA:6,1,0,0
BRDA:14,2,0,0
BRF:4
BRH:0
end_of_record
TN:
SF:src\contracts\constants.ts
FNF:0
FNH:0
DA:1,0
DA:2,0
DA:4,0
LF:3
LH:0
BRF:0
BRH:0
end_of_record
TN:
SF:src\contracts\index.ts
FNF:0
FNH:0
DA:1,0
DA:2,0
LF:2
LH:0
BRF:0
BRH:0
end_of_record
TN:
SF:src\health\health.controller.ts
FN:10,(anonymous_2)
FN:18,(anonymous_3)
FNF:2
FNH:0
FNDA:0,(anonymous_2)
FNDA:0,(anonymous_3)
DA:1,0
DA:2,0
DA:4,0
DA:5,0
DA:6,0
DA:9,0
DA:11,0
DA:12,0
DA:13,0
DA:18,0
DA:19,0
DA:20,0
DA:21,0
DA:22,0
DA:24,0
DA:27,0
DA:29,0
DA:30,0
DA:31,0
DA:33,0
DA:48,0
LF:21
LH:0
BRDA:27,0,0,0
BRDA:27,0,1,0
BRDA:35,1,0,0
BRDA:35,1,1,0
BRDA:35,2,0,0
BRDA:35,2,1,0
BRDA:36,3,0,0
BRDA:36,3,1,0
BRDA:43,4,0,0
BRDA:43,4,1,0
BRDA:44,5,0,0
BRDA:44,5,1,0
BRF:12
BRH:0
end_of_record
TN:
SF:src\health\health.module.ts
FNF:0
FNH:0
DA:1,0
DA:2,0
DA:3,0
DA:10,0
LF:4
LH:0
BRF:0
BRH:0
end_of_record
TN:
SF:src\health\migration-health.service.ts
FN:17,(anonymous_2)
FN:19,(anonymous_3)
FN:24,(anonymous_4)
FN:28,(anonymous_5)
FN:32,(anonymous_6)
FN:38,(anonymous_7)
FN:46,(anonymous_8)
FN:50,(anonymous_9)
FN:54,(anonymous_10)
FN:68,(anonymous_11)
FN:69,(anonymous_12)
FN:83,(anonymous_13)
FN:107,(anonymous_14)
FNF:13
FNH:11
FNDA:3,(anonymous_2)
FNDA:0,(anonymous_3)
FNDA:3,(anonymous_4)
FNDA:3,(anonymous_5)
FNDA:3,(anonymous_6)
FNDA:1,(anonymous_7)
FNDA:8,(anonymous_8)
FNDA:7,(anonymous_9)
FNDA:3,(anonymous_10)
FNDA:8,(anonymous_11)
FNDA:15,(anonymous_12)
FNDA:3,(anonymous_13)
FNDA:0,(anonymous_14)
DA:1,1
DA:2,1
DA:3,1
DA:4,1
DA:5,1
DA:8,1
DA:13,1
DA:14,3
DA:15,3
DA:17,3
DA:20,0
DA:21,0
DA:25,3
DA:29,3
DA:33,3
DA:34,3
DA:35,3
DA:39,1
DA:40,1
DA:41,0
DA:44,1
DA:47,8
DA:50,7
DA:55,3
DA:56,3
DA:57,0
DA:60,3
DA:61,3
DA:68,8
DA:69,15
DA:71,3
DA:72,2
DA:77,0
DA:84,3
DA:85,3
DA:86,3
DA:96,3
DA:97,1
DA:108,0
DA:109,0
DA:112,0
DA:113,0
DA:114,0
DA:117,0
DA:118,0
DA:120,0
LF:46
LH:33
BRDA:40,0,0,0
BRDA:47,1,0,8
BRDA:47,1,1,7
BRDA:56,2,0,0
BRDA:71,3,0,2
BRDA:96,4,0,1
BRDA:108,5,0,0
BRF:7
BRH:4
end_of_record
TN:
SF:src\modules\analytics\analytics.controller.ts
FN:16,(anonymous_4)
FN:19,(anonymous_5)
FN:27,(anonymous_6)
FN:35,(anonymous_7)
FN:44,(anonymous_8)
FNF:5
FNH:0
FNDA:0,(anonymous_4)
FNDA:0,(anonymous_5)
FNDA:0,(anonymous_6)
FNDA:0,(anonymous_7)
FNDA:0,(anonymous_8)
DA:1,0
DA:2,0
DA:3,0
DA:4,0
DA:6,0
DA:15,0
DA:16,0
DA:19,0
DA:23,0
DA:27,0
DA:31,0
DA:35,0
DA:39,0
DA:44,0
DA:45,0
LF:15
LH:0
BRF:0
BRH:0
end_of_record
TN:
SF:src\modules\analytics\analytics.module.ts
FNF:0
FNH:0
DA:1,0
DA:2,0
DA:3,0
DA:9,0
LF:4
LH:0
BRF:0
BRH:0
end_of_record
TN:
SF:src\modules\analytics\analytics.service.ts
FN:8,(anonymous_2)
FN:10,(anonymous_3)
FN:21,(anonymous_4)
FN:33,(anonymous_5)
FN:40,(anonymous_6)
FN:46,(anonymous_7)
FN:66,(anonymous_8)
FNF:7
FNH:0
FNDA:0,(anonymous_2)
FNDA:0,(anonymous_3)
FNDA:0,(anonymous_4)
FNDA:0,(anonymous_5)
FNDA:0,(anonymous_6)
FNDA:0,(anonymous_7)
FNDA:0,(anonymous_8)
DA:1,0
DA:2,0
DA:3,0
DA:7,0
DA:8,0
DA:11,0
DA:16,0
DA:18,0
DA:22,0
DA:23,0
DA:24,0
DA:30,0
DA:34,0
DA:35,0
DA:40,0
DA:47,0
DA:48,0
DA:63,0
DA:67,0
DA:68,0
DA:70,0
DA:78,0
LF:22
LH:0
BRDA:11,0,0,0
BRDA:12,1,0,0
BRDA:12,1,1,0
BRDA:12,1,2,0
BRDA:67,2,0,0
BRF:5
BRH:0
end_of_record
TN:
SF:src\modules\audit\audit.controller.ts
FN:17,(anonymous_4)
FN:20,(anonymous_5)
FNF:2
FNH:0
FNDA:0,(anonymous_4)
FNDA:0,(anonymous_5)
DA:1,0
DA:2,0
DA:3,0
DA:4,0
DA:6,0
DA:7,0
DA:16,0
DA:17,0
DA:20,0
DA:24,0
DA:25,0
LF:11
LH:0
BRF:0
BRH:0
end_of_record
TN:
SF:src\modules\audit\audit.mapper.ts
FN:19,toAuditEventDto
FNF:1
FNH:0
FNDA:0,toAuditEventDto
DA:19,0
DA:20,0
LF:2
LH:0
BRDA:24,0,0,0
BRDA:24,0,1,0
BRDA:29,1,0,0
BRDA:29,1,1,0
BRF:4
BRH:0
end_of_record
TN:
SF:src\modules\audit\audit.module.ts
FNF:0
FNH:0
DA:1,0
DA:2,0
DA:3,0
DA:9,0
LF:4
LH:0
BRF:0
BRH:0
end_of_record
TN:
SF:src\modules\audit\audit.service.ts
FN:14,(anonymous_2)
FN:16,(anonymous_3)
FNF:2
FNH:0
FNDA:0,(anonymous_2)
FNDA:0,(anonymous_3)
DA:1,0
DA:3,0
DA:7,0
DA:9,0
DA:13,0
DA:14,0
DA:17,0
DA:21,0
DA:25,0
DA:26,0
DA:31,0
DA:32,0
DA:37,0
DA:38,0
DA:39,0
DA:45,0
DA:56,0
LF:17
LH:0
BRDA:25,0,0,0
BRDA:31,1,0,0
BRDA:37,2,0,0
BRDA:50,3,0,0
BRDA:50,3,1,0
BRF:5
BRH:0
end_of_record
TN:
SF:src\modules\audit\dto\list-audit-query.dto.ts
FNF:0
FNH:0
DA:1,0
DA:2,0
DA:4,0
DA:7,0
DA:11,0
LF:5
LH:0
BRF:0
BRH:0
end_of_record
TN:
SF:src\modules\auth\auth.controller.ts
FN:27,(anonymous_4)
FN:29,(anonymous_5)
FN:46,(anonymous_6)
FN:76,(anonymous_7)
FN:92,(anonymous_8)
FN:100,(anonymous_9)
FNF:6
FNH:0
FNDA:0,(anonymous_4)
FNDA:0,(anonymous_5)
FNDA:0,(anonymous_6)
FNDA:0,(anonymous_7)
FNDA:0,(anonymous_8)
FNDA:0,(anonymous_9)
DA:1,0
DA:11,0
DA:12,0
DA:13,0
DA:14,0
DA:15,0
DA:16,0
DA:17,0
DA:19,0
DA:24,0
DA:25,0
DA:27,0
DA:31,0
DA:35,0
DA:37,0
DA:40,0
DA:46,0
DA:47,0
DA:48,0
DA:51,0
DA:53,0
DA:57,0
DA:61,0
DA:64,0
DA:66,0
DA:67,0
DA:70,0
DA:76,0
DA:77,0
DA:78,0
DA:79,0
DA:80,0
DA:81,0
DA:83,0
DA:84,0
DA:87,0
DA:92,0
DA:93,0
DA:94,0
DA:95,0
DA:96,0
DA:100,0
DA:101,0
DA:102,0
LF:44
LH:0
BRDA:31,0,0,0
BRDA:31,0,1,0
BRDA:32,1,0,0
BRDA:32,1,1,0
BRDA:35,2,0,0
BRDA:35,2,1,0
BRDA:35,2,2,0
BRDA:37,3,0,0
BRDA:37,3,1,0
BRDA:37,3,2,0
BRDA:53,4,0,0
BRDA:53,4,1,0
BRDA:54,5,0,0
BRDA:54,5,1,0
BRDA:66,6,0,0
BRDA:66,6,1,0
BRDA:83,7,0,0
BRDA:83,7,1,0
BRDA:94,8,0,0
BRDA:94,8,1,0
BRF:20
BRH:0
end_of_record
TN:
SF:src\modules\auth\auth.module.ts
FNF:0
FNH:0
DA:1,0
DA:2,0
DA:3,0
DA:4,0
DA:5,0
DA:6,0
DA:7,0
DA:8,0
DA:9,0
DA:24,0
LF:10
LH:0
BRF:0
BRH:0
end_of_record
TN:
SF:src\modules\auth\auth.service.ts
FN:48,(anonymous_2)
FN:55,(anonymous_3)
FN:59,(anonymous_4)
FN:66,(anonymous_5)
FN:76,(anonymous_6)
FN:100,(anonymous_7)
FN:123,(anonymous_8)
FN:145,(anonymous_9)
FN:166,(anonymous_10)
FN:184,(anonymous_11)
FN:193,(anonymous_12)
FN:210,(anonymous_13)
FN:246,(anonymous_14)
FN:294,(anonymous_15)
FN:350,(anonymous_16)
FN:374,(anonymous_17)
FN:393,(anonymous_18)
FNF:17
FNH:11
FNDA:4,(anonymous_2)
FNDA:1,(anonymous_3)
FNDA:4,(anonymous_4)
FNDA:0,(anonymous_5)
FNDA:1,(anonymous_6)
FNDA:1,(anonymous_7)
FNDA:1,(anonymous_8)
FNDA:3,(anonymous_9)
FNDA:0,(anonymous_10)
FNDA:1,(anonymous_11)
FNDA:1,(anonymous_12)
FNDA:1,(anonymous_13)
FNDA:0,(anonymous_14)
FNDA:3,(anonymous_15)
FNDA:0,(anonymous_16)
FNDA:0,(anonymous_17)
FNDA:0,(anonymous_18)
DA:1,1
DA:7,1
DA:8,1
DA:9,1
DA:10,1
DA:17,1
DA:18,1
DA:19,1
DA:24,1
DA:45,1
DA:46,4
DA:49,4
DA:50,4
DA:51,4
DA:52,4
DA:56,1
DA:60,4
DA:67,0
DA:82,1
DA:83,1
DA:84,1
DA:92,1
DA:97,1
DA:106,1
DA:107,1
DA:115,1
DA:120,1
DA:124,1
DA:125,1
DA:129,1
DA:130,0
DA:132,1
DA:133,1
DA:135,0
DA:137,1
DA:138,1
DA:139,1
DA:141,0
DA:146,3
DA:147,3
DA:151,3
DA:152,0
DA:154,3
DA:155,0
DA:157,3
DA:159,0
DA:160,0
DA:162,0
DA:174,0
DA:185,1
DA:188,1
DA:189,0
DA:202,1
DA:204,1
DA:205,1
DA:206,1
DA:208,1
DA:210,1
DA:211,1
DA:214,1
DA:225,0
DA:234,1
DA:239,1
DA:250,0
DA:251,0
DA:253,0
DA:254,0
DA:261,0
DA:264,0
DA:266,0
DA:267,0
DA:268,0
DA:277,0
DA:280,0
DA:281,0
DA:291,0
DA:295,3
DA:296,3
DA:299,3
DA:300,0
DA:303,3
DA:307,3
DA:309,2
DA:313,2
DA:315,1
DA:318,1
DA:320,1
DA:330,1
DA:335,1
DA:338,1
DA:339,0
DA:342,0
DA:345,1
DA:347,1
DA:351,0
DA:352,0
DA:356,0
DA:361,0
DA:362,0
DA:363,0
DA:364,0
DA:365,0
DA:375,0
DA:379,0
DA:380,0
DA:382,0
DA:385,0
DA:394,0
LF:108
LH:66
BRDA:56,0,0,1
BRDA:56,0,1,1
BRDA:61,1,0,4
BRDA:61,1,1,4
BRDA:129,2,0,0
BRDA:132,3,0,1
BRDA:138,4,0,1
BRDA:151,5,0,0
BRDA:154,6,0,0
BRDA:159,7,0,0
BRDA:188,8,0,0
BRDA:188,9,0,1
BRDA:188,9,1,1
BRDA:188,9,2,1
BRDA:208,10,0,1
BRDA:208,10,1,0
BRDA:253,11,0,0
BRDA:253,12,0,0
BRDA:253,12,1,0
BRDA:253,12,2,0
BRDA:267,13,0,0
BRDA:299,14,0,0
BRDA:299,15,0,3
BRDA:299,15,1,3
BRDA:299,15,2,3
BRDA:307,16,0,2
BRDA:313,17,0,1
BRDA:338,18,0,0
BRDA:361,19,0,0
BRDA:379,20,0,0
BRDA:379,21,0,0
BRDA:379,21,1,0
BRDA:379,21,2,0
BRF:33
BRH:15
end_of_record
TN:
SF:src\modules\auth\dto\login.dto.ts
FNF:0
FNH:0
DA:1,0
DA:3,0
DA:5,0
DA:9,0
LF:4
LH:0
BRF:0
BRH:0
end_of_record
TN:
SF:src\modules\auth\dto\logout.dto.ts
FNF:0
FNH:0
DA:1,0
DA:3,0
DA:6,0
LF:3
LH:0
BRF:0
BRH:0
end_of_record
TN:
SF:src\modules\auth\dto\refresh.dto.ts
FNF:0
FNH:0
DA:1,0
DA:3,0
DA:6,0
LF:3
LH:0
BRF:0
BRH:0
end_of_record
TN:
SF:src\modules\billing\billing.controller.ts
FN:23,(anonymous_4)
FN:32,(anonymous_5)
FN:43,(anonymous_6)
FN:60,(anonymous_7)
FN:66,(anonymous_8)
FNF:5
FNH:0
FNDA:0,(anonymous_4)
FNDA:0,(anonymous_5)
FNDA:0,(anonymous_6)
FNDA:0,(anonymous_7)
FNDA:0,(anonymous_8)
DA:1,0
DA:12,0
DA:13,0
DA:14,0
DA:15,0
DA:17,0
DA:18,0
DA:19,0
DA:22,0
DA:23,0
DA:32,0
DA:33,0
DA:43,0
DA:44,0
DA:50,0
DA:60,0
DA:61,0
DA:66,0
DA:70,0
DA:71,0
DA:74,0
DA:75,0
DA:76,0
DA:77,0
DA:79,0
DA:80,0
DA:82,0
DA:83,0
DA:86,0
DA:90,0
DA:91,0
DA:93,0
DA:94,0
DA:95,0
DA:96,0
DA:99,0
DA:100,0
DA:101,0
DA:102,0
DA:104,0
DA:109,0
DA:112,0
DA:113,0
DA:114,0
DA:117,0
LF:45
LH:0
BRDA:70,0,0,0
BRDA:76,1,0,0
BRDA:79,2,0,0
BRDA:79,3,0,0
BRDA:79,3,1,0
BRDA:82,4,0,0
BRDA:93,5,0,0
BRDA:93,6,0,0
BRDA:93,6,1,0
BRDA:94,7,0,0
BRDA:94,7,1,0
BRDA:95,8,0,0
BRDA:95,8,1,0
BRDA:99,9,0,0
BRDA:99,10,0,0
BRDA:99,10,1,0
BRDA:100,11,0,0
BRDA:100,11,1,0
BRDA:101,12,0,0
BRDA:101,12,1,0
BRDA:102,13,0,0
BRDA:102,13,1,0
BRDA:104,14,0,0
BRDA:104,14,1,0
BRDA:106,15,0,0
BRDA:106,15,1,0
BRDA:112,16,0,0
BRDA:112,17,0,0
BRDA:112,17,1,0
BRDA:113,18,0,0
BRDA:113,18,1,0
BRF:31
BRH:0
end_of_record
TN:
SF:src\modules\billing\billing.module.ts
FNF:0
FNH:0
DA:1,0
DA:2,0
DA:3,0
DA:10,0
LF:4
LH:0
BRF:0
BRH:0
end_of_record
TN:
SF:src\modules\billing\billing.service.ts
FN:20,(anonymous_2)
FN:22,(anonymous_3)
FN:26,(anonymous_4)
FN:30,(anonymous_5)
FN:42,(anonymous_6)
FN:62,(anonymous_7)
FN:117,(anonymous_8)
FN:142,(anonymous_9)
FN:149,(anonymous_10)
FN:170,(anonymous_11)
FN:184,(anonymous_12)
FNF:11
FNH:0
FNDA:0,(anonymous_2)
FNDA:0,(anonymous_3)
FNDA:0,(anonymous_4)
FNDA:0,(anonymous_5)
FNDA:0,(anonymous_6)
FNDA:0,(anonymous_7)
FNDA:0,(anonymous_8)
FNDA:0,(anonymous_9)
FNDA:0,(anonymous_10)
FNDA:0,(anonymous_11)
FNDA:0,(anonymous_12)
DA:1,0
DA:7,0
DA:8,0
DA:10,0
DA:17,0
DA:18,0
DA:20,0
DA:23,0
DA:27,0
DA:31,0
DA:37,0
DA:38,0
DA:43,0
DA:44,0
DA:48,0
DA:49,0
DA:51,0
DA:68,0
DA:69,0
DA:70,0
DA:73,0
DA:74,0
DA:75,0
DA:78,0
DA:81,0
DA:82,0
DA:85,0
DA:86,0
DA:87,0
DA:92,0
DA:93,0
DA:96,0
DA:97,0
DA:114,0
DA:118,0
DA:119,0
DA:120,0
DA:123,0
DA:126,0
DA:127,0
DA:130,0
DA:131,0
DA:139,0
DA:143,0
DA:154,0
DA:157,0
DA:158,0
DA:159,0
DA:161,0
DA:171,0
DA:174,0
DA:175,0
DA:185,0
DA:186,0
DA:187,0
DA:188,0
LF:56
LH:0
BRDA:27,0,0,0
BRDA:27,0,1,0
BRDA:37,1,0,0
BRDA:48,2,0,0
BRDA:69,3,0,0
BRDA:74,4,0,0
BRDA:81,5,0,0
BRDA:86,6,0,0
BRDA:96,7,0,0
BRDA:96,7,1,0
BRDA:105,8,0,0
BRDA:105,8,1,0
BRDA:106,9,0,0
BRDA:106,9,1,0
BRDA:119,10,0,0
BRDA:126,11,0,0
BRDA:130,12,0,0
BRDA:130,12,1,0
BRDA:136,13,0,0
BRDA:136,13,1,0
BRDA:157,14,0,0
BRDA:174,15,0,0
BRDA:186,16,0,0
BRDA:186,16,1,0
BRDA:187,17,0,0
BRF:25
BRH:0
end_of_record
TN:
SF:src\modules\billing\stripe.util.ts
FN:3,stripeRequest
FN:29,encodeForm
FN:37,(anonymous_2)
FN:51,verifyStripeWebhookSignature
FN:56,(anonymous_4)
FN:57,(anonymous_5)
FN:59,(anonymous_6)
FN:60,(anonymous_7)
FN:68,(anonymous_8)
FNF:9
FNH:0
FNDA:0,stripeRequest
FNDA:0,encodeForm
FNDA:0,(anonymous_2)
FNDA:0,verifyStripeWebhookSignature
FNDA:0,(anonymous_4)
FNDA:0,(anonymous_5)
FNDA:0,(anonymous_6)
FNDA:0,(anonymous_7)
FNDA:0,(anonymous_8)
DA:1,0
DA:3,0
DA:8,0
DA:9,0
DA:10,0
DA:13,0
DA:22,0
DA:23,0
DA:24,0
DA:26,0
DA:30,0
DA:31,0
DA:32,0
DA:33,0
DA:34,0
DA:35,0
DA:36,0
DA:37,0
DA:38,0
DA:39,0
DA:41,0
DA:45,0
DA:48,0
DA:51,0
DA:56,0
DA:57,0
DA:58,0
DA:59,0
DA:60,0
DA:61,0
DA:62,0
DA:65,0
DA:66,0
DA:68,0
DA:69,0
DA:70,0
DA:72,0
LF:37
LH:0
BRDA:9,0,0,0
BRDA:19,1,0,0
BRDA:19,1,1,0
BRDA:23,2,0,0
BRDA:24,3,0,0
BRDA:24,3,1,0
BRDA:29,4,0,0
BRDA:32,5,0,0
BRDA:32,6,0,0
BRDA:32,6,1,0
BRDA:33,7,0,0
BRDA:33,7,1,0
BRDA:34,8,0,0
BRDA:34,8,1,0
BRDA:34,9,0,0
BRDA:34,9,1,0
BRDA:36,10,0,0
BRDA:36,10,1,0
BRDA:38,11,0,0
BRDA:38,11,1,0
BRDA:38,12,0,0
BRDA:38,12,1,0
BRDA:61,13,0,0
BRDA:61,14,0,0
BRDA:61,14,1,0
BRF:25
BRH:0
end_of_record
TN:
SF:src\modules\billing\dto\create-checkout.dto.ts
FNF:0
FNH:0
DA:1,0
DA:3,0
DA:5,0
DA:9,0
DA:13,0
LF:5
LH:0
BRF:0
BRH:0
end_of_record
TN:
SF:src\modules\contacts\contact-duplicate.util.ts
FN:15,normalizeDuplicateText
FN:19,normalizeDuplicateEmails
FN:21,(anonymous_2)
FN:25,normalizeDuplicatePhones
FN:27,(anonymous_4)
FN:31,normalizeDuplicateInput
FN:40,detectStrongContactDuplicate
FN:47,(anonymous_7)
FN:54,(anonymous_8)
FN:73,unique
FNF:10
FNH:10
FNDA:20,normalizeDuplicateText
FNDA:16,normalizeDuplicateEmails
FNDA:11,(anonymous_2)
FNDA:16,normalizeDuplicatePhones
FNDA:5,(anonymous_4)
FNDA:10,normalizeDuplicateInput
FNDA:5,detectStrongContactDuplicate
FNDA:3,(anonymous_7)
FNDA:1,(anonymous_8)
FNDA:32,unique
DA:15,2
DA:16,20
DA:19,2
DA:20,16
DA:21,11
DA:25,2
DA:26,16
DA:27,5
DA:31,2
DA:32,10
DA:40,2
DA:44,5
DA:45,5
DA:47,5
DA:48,3
DA:50,5
DA:51,3
DA:54,2
DA:55,1
DA:57,2
DA:58,1
DA:61,1
DA:67,1
DA:70,0
DA:74,32
LF:25
LH:24
BRDA:16,0,0,20
BRDA:16,0,1,6
BRDA:21,1,0,16
BRDA:21,1,1,6
BRDA:27,2,0,16
BRDA:27,2,1,7
BRDA:50,3,0,3
BRDA:57,4,0,1
BRDA:61,5,0,1
BRDA:62,6,0,1
BRDA:62,6,1,1
BRDA:62,6,2,1
BRDA:62,6,3,1
BRF:13
BRH:13
end_of_record
TN:
SF:src\modules\contacts\contacts.controller.ts
FN:22,(anonymous_4)
FN:25,(anonymous_5)
FN:41,(anonymous_6)
FN:47,(anonymous_7)
FN:56,(anonymous_8)
FN:65,(anonymous_9)
FN:75,(anonymous_10)
FN:89,(anonymous_11)
FNF:8
FNH:0
FNDA:0,(anonymous_4)
FNDA:0,(anonymous_5)
FNDA:0,(anonymous_6)
FNDA:0,(anonymous_7)
FNDA:0,(anonymous_8)
FNDA:0,(anonymous_9)
FNDA:0,(anonymous_10)
FNDA:0,(anonymous_11)
DA:1,0
DA:12,0
DA:14,0
DA:15,0
DA:16,0
DA:17,0
DA:18,0
DA:21,0
DA:22,0
DA:25,0
DA:29,0
DA:30,0
DA:41,0
DA:42,0
DA:43,0
DA:47,0
DA:51,0
DA:52,0
DA:56,0
DA:60,0
DA:61,0
DA:65,0
DA:70,0
DA:71,0
DA:75,0
DA:80,0
DA:85,0
DA:89,0
DA:93,0
DA:94,0
LF:30
LH:0
BRDA:42,0,0,0
BRDA:42,0,1,0
BRF:2
BRH:0
end_of_record
TN:
SF:src\modules\contacts\contacts.mapper.ts
FN:32,toContactDto
FN:59,buildContactCreateData
FNF:2
FNH:2
FNDA:2,toContactDto
FNDA:2,buildContactCreateData
DA:2,1
DA:32,1
DA:33,2
DA:59,1
DA:81,2
LF:5
LH:5
BRDA:52,0,0,2
BRDA:52,0,1,2
BRDA:53,1,0,0
BRDA:53,1,1,2
BRDA:85,2,0,2
BRDA:85,2,1,2
BRDA:86,3,0,2
BRDA:86,3,1,2
BRDA:89,4,0,2
BRDA:89,4,1,2
BRDA:90,5,0,2
BRDA:90,5,1,2
BRDA:91,6,0,2
BRDA:91,6,1,2
BRDA:92,7,0,2
BRDA:92,7,1,2
BRDA:93,8,0,2
BRDA:93,8,1,2
BRDA:94,9,0,2
BRDA:94,9,1,2
BRDA:95,10,0,0
BRDA:95,10,1,2
BRDA:98,11,0,2
BRDA:98,11,1,2
BRDA:99,12,0,2
BRDA:99,12,1,2
BRDA:100,13,0,2
BRDA:100,13,1,2
BRDA:101,14,0,0
BRDA:101,14,1,2
BRF:30
BRH:27
end_of_record
TN:
SF:src\modules\contacts\contacts.module.ts
FNF:0
FNH:0
DA:1,0
DA:2,0
DA:3,0
DA:10,0
LF:4
LH:0
BRF:0
BRH:0
end_of_record
TN:
SF:src\modules\contacts\contacts.service.ts
FN:31,(anonymous_2)
FN:36,(anonymous_3)
FN:44,(anonymous_4)
FN:67,(anonymous_5)
FN:75,(anonymous_6)
FN:79,(anonymous_7)
FN:114,(anonymous_8)
FN:124,(anonymous_9)
FN:149,(anonymous_10)
FN:222,(anonymous_11)
FN:241,(anonymous_12)
FN:263,(anonymous_13)
FN:309,(anonymous_14)
FN:325,(anonymous_15)
FN:369,(anonymous_16)
FNF:15
FNH:5
FNDA:3,(anonymous_2)
FNDA:1,(anonymous_3)
FNDA:0,(anonymous_4)
FNDA:0,(anonymous_5)
FNDA:0,(anonymous_6)
FNDA:0,(anonymous_7)
FNDA:0,(anonymous_8)
FNDA:3,(anonymous_9)
FNDA:0,(anonymous_10)
FNDA:0,(anonymous_11)
FNDA:0,(anonymous_12)
FNDA:0,(anonymous_13)
FNDA:0,(anonymous_14)
FNDA:3,(anonymous_15)
FNDA:1,(anonymous_16)
DA:1,1
DA:7,1
DA:8,1
DA:9,1
DA:13,1
DA:15,1
DA:20,1
DA:30,1
DA:32,3
DA:33,3
DA:37,1
DA:45,0
DA:46,0
DA:47,0
DA:49,0
DA:50,0
DA:63,0
DA:64,0
DA:66,0
DA:67,0
DA:69,0
DA:71,0
DA:75,0
DA:80,0
DA:84,0
DA:86,0
DA:87,0
DA:89,0
DA:90,0
DA:92,0
DA:93,0
DA:94,0
DA:101,0
DA:111,0
DA:115,0
DA:118,0
DA:119,0
DA:121,0
DA:125,3
DA:126,0
DA:128,3
DA:135,2
DA:139,2
DA:146,2
DA:154,0
DA:157,0
DA:158,0
DA:161,0
DA:162,0
DA:164,0
DA:170,0
DA:182,0
DA:183,0
DA:184,0
DA:185,0
DA:186,0
DA:187,0
DA:188,0
DA:189,0
DA:190,0
DA:191,0
DA:192,0
DA:193,0
DA:194,0
DA:195,0
DA:196,0
DA:197,0
DA:201,0
DA:202,0
DA:203,0
DA:204,0
DA:205,0
DA:208,0
DA:213,0
DA:219,0
DA:226,0
DA:227,0
DA:232,0
DA:238,0
DA:246,0
DA:247,0
DA:250,0
DA:259,0
DA:260,0
DA:263,0
DA:264,0
DA:275,0
DA:287,0
DA:296,0
DA:299,0
DA:306,0
DA:313,0
DA:320,0
DA:321,0
DA:335,3
DA:336,3
DA:337,3
DA:338,3
DA:339,3
DA:341,3
DA:342,1
DA:344,3
DA:345,0
DA:347,3
DA:348,0
DA:356,3
DA:357,2
DA:360,1
DA:369,1
DA:370,1
DA:378,1
DA:379,0
DA:382,1
DA:389,1
DA:390,1
DA:394,0
DA:395,0
DA:400,0
LF:118
LH:34
BRDA:46,0,0,0
BRDA:63,1,0,0
BRDA:86,2,0,0
BRDA:89,3,0,0
BRDA:92,4,0,0
BRDA:106,5,0,0
BRDA:106,5,1,0
BRDA:118,6,0,0
BRDA:125,7,0,0
BRDA:157,8,0,0
BRDA:161,9,0,0
BRDA:164,10,0,0
BRDA:165,11,0,0
BRDA:165,11,1,0
BRDA:165,11,2,0
BRDA:165,11,3,0
BRDA:173,12,0,0
BRDA:173,12,1,0
BRDA:174,13,0,0
BRDA:174,13,1,0
BRDA:175,14,0,0
BRDA:175,14,1,0
BRDA:176,15,0,0
BRDA:176,15,1,0
BRDA:183,16,0,0
BRDA:184,17,0,0
BRDA:184,18,0,0
BRDA:184,18,1,0
BRDA:185,19,0,0
BRDA:185,20,0,0
BRDA:185,20,1,0
BRDA:186,21,0,0
BRDA:188,22,0,0
BRDA:190,23,0,0
BRDA:190,24,0,0
BRDA:190,24,1,0
BRDA:191,25,0,0
BRDA:191,26,0,0
BRDA:191,26,1,0
BRDA:192,27,0,0
BRDA:192,28,0,0
BRDA:192,28,1,0
BRDA:193,29,0,0
BRDA:193,30,0,0
BRDA:193,30,1,0
BRDA:194,31,0,0
BRDA:195,32,0,0
BRDA:196,33,0,0
BRDA:197,34,0,0
BRDA:197,34,1,0
BRDA:201,35,0,0
BRDA:202,36,0,0
BRDA:203,37,0,0
BRDA:204,38,0,0
BRDA:205,39,0,0
BRDA:205,39,1,0
BRDA:246,40,0,0
BRDA:259,41,0,0
BRDA:259,42,0,0
BRDA:259,42,1,0
BRDA:282,43,0,0
BRDA:282,43,1,0
BRDA:320,44,0,0
BRDA:341,45,0,1
BRDA:344,46,0,0
BRDA:347,47,0,0
BRDA:347,48,0,3
BRDA:347,48,1,3
BRDA:356,49,0,2
BRDA:363,50,0,0
BRDA:363,50,1,1
BRDA:378,51,0,0
BRDA:389,52,0,1
BRDA:394,53,0,0
BRDA:401,54,0,0
BRDA:401,54,1,0
BRF:76
BRH:6
end_of_record
TN:
SF:src\modules\contacts\dto\create-contact.dto.ts
FNF:0
FNH:0
DA:1,0
DA:2,0
DA:14,0
DA:18,0
DA:23,0
DA:28,0
DA:33,0
DA:38,0
DA:42,0
DA:46,0
DA:50,0
DA:54,0
DA:59,0
DA:63,0
DA:67,0
DA:71,0
DA:75,0
DA:79,0
DA:83,0
LF:19
LH:0
BRF:0
BRH:0
end_of_record
TN:
SF:src\modules\contacts\dto\list-contacts-query.dto.ts
FNF:0
FNH:0
DA:1,0
DA:2,0
DA:3,0
DA:5,0
DA:8,0
DA:12,0
LF:6
LH:0
BRF:0
BRH:0
end_of_record
TN:
SF:src\modules\contacts\dto\merge-contact.dto.ts
FNF:0
FNH:0
DA:1,0
DA:3,0
DA:5,0
LF:3
LH:0
BRF:0
BRH:0
end_of_record
TN:
SF:src\modules\contacts\dto\update-contact.dto.ts
FNF:0
FNH:0
DA:1,0
DA:2,0
DA:14,0
DA:19,0
DA:24,0
DA:29,0
DA:34,0
DA:39,0
DA:43,0
DA:47,0
DA:51,0
DA:55,0
DA:60,0
DA:64,0
DA:68,0
DA:72,0
DA:76,0
DA:80,0
DA:84,0
LF:19
LH:0
BRF:0
BRH:0
end_of_record
TN:
SF:src\modules\dashboard\dashboard.controller.ts
FN:16,(anonymous_4)
FN:19,(anonymous_5)
FNF:2
FNH:0
FNDA:0,(anonymous_4)
FNDA:0,(anonymous_5)
DA:1,0
DA:2,0
DA:3,0
DA:4,0
DA:6,0
DA:15,0
DA:16,0
DA:19,0
DA:20,0
DA:21,0
LF:10
LH:0
BRF:0
BRH:0
end_of_record
TN:
SF:src\modules\dashboard\dashboard.module.ts
FNF:0
FNH:0
DA:1,0
DA:2,0
DA:3,0
DA:9,0
LF:4
LH:0
BRF:0
BRH:0
end_of_record
TN:
SF:src\modules\dashboard\dashboard.service.ts
FN:26,(anonymous_2)
FN:28,(anonymous_3)
FN:117,(anonymous_4)
FN:121,(anonymous_5)
FNF:4
FNH:0
FNDA:0,(anonymous_2)
FNDA:0,(anonymous_3)
FNDA:0,(anonymous_4)
FNDA:0,(anonymous_5)
DA:1,0
DA:2,0
DA:25,0
DA:26,0
DA:29,0
DA:30,0
DA:36,0
DA:37,0
DA:38,0
DA:52,0
DA:90,0
DA:91,0
DA:92,0
DA:93,0
DA:94,0
DA:96,0
DA:97,0
DA:98,0
DA:99,0
DA:103,0
DA:104,0
DA:105,0
DA:108,0
DA:117,0
DA:121,0
LF:25
LH:0
BRDA:98,0,0,0
BRDA:99,1,0,0
BRDA:99,1,1,0
BRDA:105,2,0,0
BRDA:105,2,1,0
BRDA:125,3,0,0
BRDA:125,3,1,0
BRF:7
BRH:0
end_of_record
TN:
SF:src\modules\encounters\encounters.controller.ts
FN:16,(anonymous_4)
FN:19,(anonymous_5)
FN:28,(anonymous_6)
FNF:3
FNH:0
FNDA:0,(anonymous_4)
FNDA:0,(anonymous_5)
FNDA:0,(anonymous_6)
DA:1,0
DA:9,0
DA:11,0
DA:12,0
DA:15,0
DA:16,0
DA:19,0
DA:23,0
DA:24,0
DA:28,0
DA:33,0
DA:34,0
LF:12
LH:0
BRF:0
BRH:0
end_of_record
TN:
SF:src\modules\encounters\encounters.module.ts
FNF:0
FNH:0
DA:1,0
DA:2,0
DA:3,0
DA:9,0
LF:4
LH:0
BRF:0
BRH:0
end_of_record
TN:
SF:src\modules\encounters\encounters.service.ts
FN:8,(anonymous_2)
FN:10,(anonymous_3)
FN:26,(anonymous_4)
FN:41,(anonymous_5)
FNF:4
FNH:0
FNDA:0,(anonymous_2)
FNDA:0,(anonymous_3)
FNDA:0,(anonymous_4)
FNDA:0,(anonymous_5)
DA:1,0
DA:2,0
DA:7,0
DA:8,0
DA:11,0
DA:18,0
DA:19,0
DA:21,0
DA:26,0
DA:42,0
DA:45,0
DA:46,0
DA:48,0
DA:59,0
LF:14
LH:0
BRDA:18,0,0,0
BRDA:35,1,0,0
BRDA:35,1,1,0
BRDA:45,2,0,0
BRDA:56,3,0,0
BRDA:56,3,1,0
BRF:6
BRH:0
end_of_record
TN:
SF:src\modules\encounters\dto\update-encounter.dto.ts
FNF:0
FNH:0
DA:1,0
DA:8,0
DA:10,0
DA:13,0
DA:18,0
DA:22,0
DA:27,0
DA:31,0
DA:35,0
LF:9
LH:0
BRF:0
BRH:0
end_of_record
TN:
SF:src\modules\exports\export-generator.service.ts
FN:32,(anonymous_1)
FN:50,(anonymous_2)
FN:63,(anonymous_3)
FN:70,(anonymous_4)
FN:84,(anonymous_5)
FN:93,(anonymous_6)
FN:98,(anonymous_7)
FN:111,(anonymous_8)
FN:119,(anonymous_9)
FN:171,(anonymous_10)
FN:184,escapeCsv
FNF:11
FNH:0
FNDA:0,(anonymous_1)
FNDA:0,(anonymous_2)
FNDA:0,(anonymous_3)
FNDA:0,(anonymous_4)
FNDA:0,(anonymous_5)
FNDA:0,(anonymous_6)
FNDA:0,(anonymous_7)
FNDA:0,(anonymous_8)
FNDA:0,(anonymous_9)
FNDA:0,(anonymous_10)
FNDA:0,escapeCsv
DA:1,0
DA:3,0
DA:4,0
DA:5,0
DA:6,0
DA:7,0
DA:19,0
DA:31,0
DA:38,0
DA:40,0
DA:42,0
DA:44,0
DA:46,0
DA:51,0
DA:68,0
DA:69,0
DA:70,0
DA:71,0
DA:72,0
DA:73,0
DA:75,0
DA:76,0
DA:89,0
DA:90,0
DA:91,0
DA:92,0
DA:93,0
DA:94,0
DA:95,0
DA:96,0
DA:98,0
DA:99,0
DA:101,0
DA:102,0
DA:116,0
DA:117,0
DA:119,0
DA:120,0
DA:121,0
DA:122,0
DA:124,0
DA:125,0
DA:126,0
DA:130,0
DA:131,0
DA:132,0
DA:134,0
DA:135,0
DA:136,0
DA:138,0
DA:139,0
DA:140,0
DA:141,0
DA:143,0
DA:146,0
DA:147,0
DA:150,0
DA:151,0
DA:152,0
DA:154,0
DA:161,0
DA:162,0
DA:163,0
DA:165,0
DA:166,0
DA:167,0
DA:170,0
DA:171,0
DA:172,0
DA:175,0
DA:185,0
DA:186,0
DA:188,0
LF:73
LH:0
BRDA:38,0,0,0
BRDA:38,0,1,0
BRDA:38,0,2,0
BRDA:38,0,3,0
BRDA:53,1,0,0
BRDA:53,1,1,0
BRDA:54,2,0,0
BRDA:54,2,1,0
BRDA:55,3,0,0
BRDA:55,3,1,0
BRDA:56,4,0,0
BRDA:56,4,1,0
BRDA:57,5,0,0
BRDA:57,5,1,0
BRDA:58,6,0,0
BRDA:58,6,1,0
BRDA:139,7,0,0
BRDA:150,8,0,0
BRDA:157,9,0,0
BRDA:157,9,1,0
BRDA:161,10,0,0
BRDA:185,11,0,0
BRDA:185,12,0,0
BRDA:185,12,1,0
BRDA:185,12,2,0
BRF:25
BRH:0
end_of_record
TN:
SF:src\modules\exports\export-processor.service.ts
FN:13,(anonymous_2)
FN:18,(anonymous_3)
FN:19,(anonymous_4)
FN:20,(anonymous_5)
FN:26,(anonymous_6)
FN:30,(anonymous_7)
FNF:6
FNH:0
FNDA:0,(anonymous_2)
FNDA:0,(anonymous_3)
FNDA:0,(anonymous_4)
FNDA:0,(anonymous_5)
FNDA:0,(anonymous_6)
FNDA:0,(anonymous_7)
DA:1,0
DA:3,0
DA:4,0
DA:5,0
DA:7,0
DA:10,0
DA:11,0
DA:14,0
DA:15,0
DA:19,0
DA:20,0
DA:21,0
DA:27,0
DA:31,0
DA:34,0
DA:35,0
DA:38,0
DA:43,0
DA:44,0
DA:45,0
DA:51,0
DA:52,0
DA:54,0
DA:55,0
DA:58,0
DA:59,0
DA:63,0
DA:69,0
DA:70,0
DA:77,0
DA:78,0
DA:80,0
DA:82,0
DA:84,0
DA:96,0
DA:97,0
LF:36
LH:0
BRDA:34,0,0,0
BRDA:34,1,0,0
BRDA:34,1,1,0
BRDA:44,2,0,0
BRDA:44,2,1,0
BRDA:51,3,0,0
BRDA:54,4,0,0
BRDA:58,5,0,0
BRDA:96,6,0,0
BRDA:96,6,1,0
BRF:10
BRH:0
end_of_record
TN:
SF:src\modules\exports\exports.controller.ts
FN:36,(anonymous_4)
FN:39,(anonymous_5)
FN:52,(anonymous_6)
FN:58,(anonymous_7)
FN:71,(anonymous_8)
FNF:5
FNH:0
FNDA:0,(anonymous_4)
FNDA:0,(anonymous_5)
FNDA:0,(anonymous_6)
FNDA:0,(anonymous_7)
FNDA:0,(anonymous_8)
DA:1,0
DA:13,0
DA:17,0
DA:19,0
DA:20,0
DA:21,0
DA:23,0
DA:24,0
DA:35,0
DA:36,0
DA:39,0
DA:43,0
DA:44,0
DA:52,0
DA:53,0
DA:54,0
DA:58,0
DA:64,0
DA:65,0
DA:66,0
DA:67,0
DA:71,0
DA:75,0
DA:76,0
LF:24
LH:0
BRF:0
BRH:0
end_of_record
TN:
SF:src\modules\exports\exports.mapper.ts
FN:18,toExportJobDto
FNF:1
FNH:0
FNDA:0,toExportJobDto
DA:18,0
DA:19,0
LF:2
LH:0
BRDA:28,0,0,0
BRDA:28,0,1,0
BRF:2
BRH:0
end_of_record
TN:
SF:src\modules\exports\exports.module.ts
FNF:0
FNH:0
DA:1,0
DA:2,0
DA:3,0
DA:4,0
DA:5,0
DA:6,0
DA:7,0
DA:9,0
DA:24,0
LF:9
LH:0
BRDA:9,0,0,0
BRDA:9,0,1,0
BRF:2
BRH:0
end_of_record
TN:
SF:src\modules\exports\exports.service.ts
FN:26,(anonymous_2)
FN:33,(anonymous_3)
FN:53,(anonymous_4)
FN:104,(anonymous_5)
FN:114,(anonymous_6)
FNF:5
FNH:0
FNDA:0,(anonymous_2)
FNDA:0,(anonymous_3)
FNDA:0,(anonymous_4)
FNDA:0,(anonymous_5)
FNDA:0,(anonymous_6)
DA:1,0
DA:8,0
DA:9,0
DA:10,0
DA:11,0
DA:12,0
DA:16,0
DA:19,0
DA:20,0
DA:21,0
DA:25,0
DA:27,0
DA:28,0
DA:29,0
DA:30,0
DA:34,0
DA:38,0
DA:40,0
DA:50,0
DA:54,0
DA:59,0
DA:60,0
DA:62,0
DA:63,0
DA:64,0
DA:66,0
DA:68,0
DA:69,0
DA:70,0
DA:71,0
DA:73,0
DA:85,0
DA:96,0
DA:97,0
DA:98,0
DA:101,0
DA:105,0
DA:108,0
DA:109,0
DA:111,0
DA:115,0
DA:118,0
DA:119,0
DA:121,0
DA:122,0
DA:124,0
DA:125,0
DA:129,0
DA:132,0
DA:133,0
DA:134,0
DA:138,0
DA:144,0
DA:150,0
LF:54
LH:0
BRDA:59,0,0,0
BRDA:62,1,0,0
BRDA:63,2,0,0
BRDA:64,3,0,0
BRDA:69,4,0,0
BRDA:70,5,0,0
BRDA:71,6,0,0
BRDA:78,7,0,0
BRDA:78,7,1,0
BRDA:97,8,0,0
BRDA:108,9,0,0
BRDA:118,10,0,0
BRDA:121,11,0,0
BRDA:121,12,0,0
BRDA:121,12,1,0
BRDA:124,13,0,0
BRDA:124,14,0,0
BRDA:124,14,1,0
BRDA:133,15,0,0
BRDA:138,16,0,0
BRDA:138,16,1,0
BRDA:140,17,0,0
BRDA:140,17,1,0
BRDA:144,18,0,0
BRDA:144,18,1,0
BRDA:146,19,0,0
BRDA:146,19,1,0
BRF:27
BRH:0
end_of_record
TN:
SF:src\modules\exports\dto\create-export.dto.ts
FNF:0
FNH:0
DA:1,0
DA:2,0
DA:4,0
DA:6,0
DA:10,0
DA:14,0
DA:18,0
LF:7
LH:0
BRF:0
BRH:0
end_of_record
TN:
SF:src\modules\exports\processors\export-generation.processor.ts
FN:12,(anonymous_2)
FN:16,(anonymous_3)
FNF:2
FNH:0
FNDA:0,(anonymous_2)
FNDA:0,(anonymous_3)
DA:1,0
DA:2,0
DA:4,0
DA:6,0
DA:9,0
DA:10,0
DA:12,0
DA:13,0
DA:17,0
DA:18,0
LF:10
LH:0
BRF:0
BRH:0
end_of_record
TN:
SF:src\modules\images\images.controller.ts
FN:8,(anonymous_4)
FN:11,(anonymous_5)
FNF:2
FNH:0
FNDA:0,(anonymous_4)
FNDA:0,(anonymous_5)
DA:1,0
DA:2,0
DA:4,0
DA:7,0
DA:8,0
DA:11,0
DA:15,0
DA:16,0
LF:8
LH:0
BRF:0
BRH:0
end_of_record
TN:
SF:src\modules\images\images.module.ts
FNF:0
FNH:0
DA:1,0
DA:2,0
DA:3,0
DA:9,0
LF:4
LH:0
BRF:0
BRH:0
end_of_record
TN:
SF:src\modules\images\images.service.ts
FN:8,(anonymous_2)
FN:13,(anonymous_3)
FNF:2
FNH:0
FNDA:0,(anonymous_2)
FNDA:0,(anonymous_3)
DA:1,0
DA:2,0
DA:4,0
DA:7,0
DA:9,0
DA:10,0
DA:14,0
DA:17,0
DA:18,0
DA:20,0
DA:21,0
DA:22,0
DA:24,0
LF:13
LH:0
BRDA:17,0,0,0
BRDA:21,1,0,0
BRF:2
BRH:0
end_of_record
TN:
SF:src\modules\notifications\notifications.controller.ts
FN:19,(anonymous_4)
FN:22,(anonymous_5)
FN:34,(anonymous_6)
FN:39,(anonymous_7)
FN:47,(anonymous_8)
FN:52,(anonymous_9)
FNF:6
FNH:0
FNDA:0,(anonymous_4)
FNDA:0,(anonymous_5)
FNDA:0,(anonymous_6)
FNDA:0,(anonymous_7)
FNDA:0,(anonymous_8)
FNDA:0,(anonymous_9)
DA:1,0
DA:11,0
DA:13,0
DA:14,0
DA:15,0
DA:18,0
DA:19,0
DA:22,0
DA:26,0
DA:27,0
DA:34,0
DA:35,0
DA:39,0
DA:43,0
DA:47,0
DA:48,0
DA:52,0
DA:56,0
LF:18
LH:0
BRF:0
BRH:0
end_of_record
TN:
SF:src\modules\notifications\notifications.module.ts
FNF:0
FNH:0
DA:1,0
DA:2,0
DA:3,0
DA:10,0
LF:4
LH:0
BRF:0
BRH:0
end_of_record
TN:
SF:src\modules\notifications\notifications.service.ts
FN:24,(anonymous_2)
FN:26,(anonymous_3)
FN:48,(anonymous_4)
FN:64,(anonymous_5)
FN:75,(anonymous_6)
FN:93,(anonymous_7)
FN:105,(anonymous_8)
FN:113,(anonymous_9)
FN:137,(anonymous_10)
FNF:9
FNH:0
FNDA:0,(anonymous_2)
FNDA:0,(anonymous_3)
FNDA:0,(anonymous_4)
FNDA:0,(anonymous_5)
FNDA:0,(anonymous_6)
FNDA:0,(anonymous_7)
FNDA:0,(anonymous_8)
FNDA:0,(anonymous_9)
FNDA:0,(anonymous_10)
DA:1,0
DA:2,0
DA:6,0
DA:21,0
DA:22,0
DA:24,0
DA:27,0
DA:31,0
DA:37,0
DA:47,0
DA:48,0
DA:65,0
DA:72,0
DA:76,0
DA:83,0
DA:84,0
DA:86,0
DA:90,0
DA:94,0
DA:102,0
DA:106,0
DA:110,0
DA:114,0
DA:126,0
DA:130,0
DA:131,0
DA:134,0
DA:138,0
DA:139,0
DA:152,0
DA:153,0
DA:156,0
LF:32
LH:0
BRDA:34,0,0,0
BRDA:34,0,1,0
BRDA:83,1,0,0
BRDA:130,2,0,0
BRDA:152,3,0,0
BRDA:157,4,0,0
BRDA:157,4,1,0
BRF:7
BRH:0
end_of_record
TN:
SF:src\modules\notifications\dto\list-notifications-query.dto.ts
FN:7,(anonymous_2)
FNF:1
FNH:0
FNDA:0,(anonymous_2)
DA:1,0
DA:2,0
DA:3,0
DA:5,0
DA:7,0
DA:9,0
LF:6
LH:0
BRDA:7,0,0,0
BRDA:7,0,1,0
BRF:2
BRH:0
end_of_record
TN:
SF:src\modules\notifications\dto\register-device.dto.ts
FNF:0
FNH:0
DA:1,0
DA:3,0
DA:6,0
LF:3
LH:0
BRF:0
BRH:0
end_of_record
TN:
SF:src\modules\ocr\duplicate-detection.service.ts
FN:23,(anonymous_2)
FN:25,(anonymous_3)
FN:105,(anonymous_4)
FNF:3
FNH:0
FNDA:0,(anonymous_2)
FNDA:0,(anonymous_3)
FNDA:0,(anonymous_4)
DA:1,0
DA:3,0
DA:4,0
DA:22,0
DA:23,0
DA:29,0
DA:30,0
DA:31,0
DA:32,0
DA:34,0
DA:35,0
DA:37,0
DA:38,0
DA:40,0
DA:41,0
DA:46,0
DA:47,0
DA:50,0
DA:60,0
DA:62,0
DA:63,0
DA:64,0
DA:66,0
DA:72,0
DA:73,0
DA:74,0
DA:76,0
DA:77,0
DA:78,0
DA:80,0
DA:81,0
DA:82,0
DA:85,0
DA:89,0
DA:90,0
DA:93,0
DA:94,0
DA:105,0
LF:38
LH:0
BRDA:34,0,0,0
BRDA:37,1,0,0
BRDA:40,2,0,0
BRDA:46,3,0,0
BRDA:72,4,0,0
BRDA:73,5,0,0
BRDA:73,5,1,0
BRDA:76,6,0,0
BRDA:77,7,0,0
BRDA:77,7,1,0
BRDA:80,8,0,0
BRDA:85,9,0,0
BRDA:86,10,0,0
BRDA:86,10,1,0
BRDA:93,11,0,0
BRF:15
BRH:0
end_of_record
TN:
SF:src\modules\ocr\ocr-extraction.service.ts
FN:22,(anonymous_2)
FN:31,(anonymous_3)
FN:112,(anonymous_4)
FN:131,(anonymous_5)
FN:146,(anonymous_6)
FN:157,(anonymous_7)
FNF:6
FNH:0
FNDA:0,(anonymous_2)
FNDA:0,(anonymous_3)
FNDA:0,(anonymous_4)
FNDA:0,(anonymous_5)
FNDA:0,(anonymous_6)
FNDA:0,(anonymous_7)
DA:1,0
DA:2,0
DA:3,0
DA:4,0
DA:11,0
DA:12,0
DA:19,0
DA:20,0
DA:23,0
DA:24,0
DA:25,0
DA:36,0
DA:37,0
DA:38,0
DA:40,0
DA:41,0
DA:52,0
DA:53,0
DA:54,0
DA:59,0
DA:60,0
DA:65,0
DA:75,0
DA:76,0
DA:83,0
DA:92,0
DA:94,0
DA:95,0
DA:105,0
DA:106,0
DA:107,0
DA:108,0
DA:109,0
DA:111,0
DA:112,0
DA:113,0
DA:115,0
DA:118,0
DA:120,0
DA:136,0
DA:137,0
DA:140,0
DA:143,0
DA:147,0
DA:165,0
DA:173,0
DA:182,0
LF:47
LH:0
BRDA:38,0,0,0
BRDA:38,0,1,0
BRDA:40,1,0,0
BRDA:75,2,0,0
BRDA:75,2,1,0
BRDA:94,3,0,0
BRDA:111,4,0,0
BRDA:136,5,0,0
BRDA:148,6,0,0
BRDA:148,6,1,0
BRDA:149,7,0,0
BRDA:149,7,1,0
BRDA:150,8,0,0
BRDA:150,8,1,0
BRDA:151,9,0,0
BRDA:151,9,1,0
BRDA:152,10,0,0
BRDA:152,10,1,0
BRDA:153,11,0,0
BRDA:153,11,1,0
BRDA:185,12,0,0
BRDA:185,12,1,0
BRDA:186,13,0,0
BRDA:186,13,1,0
BRF:24
BRH:0
end_of_record
TN:
SF:src\modules\ocr\ocr-processor.service.ts
FN:14,(anonymous_2)
FN:20,(anonymous_3)
FN:21,(anonymous_4)
FN:22,(anonymous_5)
FN:28,(anonymous_6)
FN:36,(anonymous_7)
FNF:6
FNH:0
FNDA:0,(anonymous_2)
FNDA:0,(anonymous_3)
FNDA:0,(anonymous_4)
FNDA:0,(anonymous_5)
FNDA:0,(anonymous_6)
FNDA:0,(anonymous_7)
DA:1,0
DA:2,0
DA:3,0
DA:4,0
DA:5,0
DA:7,0
DA:8,0
DA:11,0
DA:12,0
DA:15,0
DA:16,0
DA:17,0
DA:21,0
DA:22,0
DA:23,0
DA:33,0
DA:41,0
DA:42,0
DA:44,0
DA:48,0
DA:53,0
DA:54,0
DA:55,0
DA:60,0
DA:62,0
DA:67,0
DA:71,0
DA:72,0
DA:83,0
DA:90,0
DA:100,0
DA:115,0
DA:121,0
DA:122,0
DA:130,0
LF:35
LH:0
BRDA:42,0,0,0
BRDA:110,1,0,0
BRDA:110,1,1,0
BRDA:121,2,0,0
BRDA:121,2,1,0
BRF:5
BRH:0
end_of_record
TN:
SF:src\modules\ocr\ocr.controller.ts
FN:36,(anonymous_4)
FN:46,(anonymous_5)
FN:63,(anonymous_6)
FN:80,(anonymous_7)
FN:92,(anonymous_8)
FN:107,(anonymous_9)
FN:116,(anonymous_10)
FNF:7
FNH:0
FNDA:0,(anonymous_4)
FNDA:0,(anonymous_5)
FNDA:0,(anonymous_6)
FNDA:0,(anonymous_7)
FNDA:0,(anonymous_8)
FNDA:0,(anonymous_9)
FNDA:0,(anonymous_10)
DA:1,0
DA:15,0
DA:16,0
DA:17,0
DA:22,0
DA:23,0
DA:24,0
DA:26,0
DA:27,0
DA:28,0
DA:29,0
DA:33,0
DA:34,0
DA:36,0
DA:46,0
DA:52,0
DA:63,0
DA:69,0
DA:70,0
DA:74,0
DA:75,0
DA:76,0
DA:80,0
DA:84,0
DA:85,0
DA:92,0
DA:96,0
DA:97,0
DA:107,0
DA:111,0
DA:112,0
DA:116,0
DA:121,0
DA:122,0
LF:34
LH:0
BRDA:72,0,0,0
BRDA:72,0,1,0
BRDA:72,1,0,0
BRDA:72,1,1,0
BRF:4
BRH:0
end_of_record
TN:
SF:src\modules\ocr\ocr.mapper.ts
FN:4,firstFromJsonList
FN:19,normalizeExtractedFieldsForClient
FN:43,(anonymous_2)
FN:44,(anonymous_3)
FN:49,(anonymous_4)
FN:50,(anonymous_5)
FN:97,toOcrJobDto
FN:128,(anonymous_7)
FNF:8
FNH:0
FNDA:0,firstFromJsonList
FNDA:0,normalizeExtractedFieldsForClient
FNDA:0,(anonymous_2)
FNDA:0,(anonymous_3)
FNDA:0,(anonymous_4)
FNDA:0,(anonymous_5)
FNDA:0,toOcrJobDto
FNDA:0,(anonymous_7)
DA:2,0
DA:5,0
DA:6,0
DA:8,0
DA:9,0
DA:10,0
DA:11,0
DA:15,0
DA:19,0
DA:22,0
DA:23,0
DA:24,0
DA:25,0
DA:27,0
DA:30,0
DA:32,0
DA:34,0
DA:35,0
DA:37,0
DA:38,0
DA:41,0
DA:42,0
DA:43,0
DA:44,0
DA:47,0
DA:48,0
DA:49,0
DA:50,0
DA:54,0
DA:97,0
DA:98,0
DA:102,0
DA:128,0
LF:33
LH:0
BRDA:5,0,0,0
BRDA:5,1,0,0
BRDA:5,1,1,0
BRDA:8,2,0,0
BRDA:10,3,0,0
BRDA:10,4,0,0
BRDA:10,4,1,0
BRDA:22,5,0,0
BRDA:23,6,0,0
BRDA:30,7,0,0
BRDA:30,8,0,0
BRDA:30,8,1,0
BRDA:34,9,0,0
BRDA:34,10,0,0
BRDA:34,10,1,0
BRDA:37,11,0,0
BRDA:37,12,0,0
BRDA:37,12,1,0
BRDA:41,13,0,0
BRDA:47,14,0,0
BRDA:113,15,0,0
BRDA:113,15,1,0
BRDA:114,16,0,0
BRDA:114,16,1,0
BRDA:118,17,0,0
BRDA:118,17,1,0
BRDA:119,18,0,0
BRDA:119,18,1,0
BRDA:122,19,0,0
BRDA:122,19,1,0
BRDA:123,20,0,0
BRDA:123,20,1,0
BRDA:125,21,0,0
BRDA:125,21,1,0
BRDA:128,22,0,0
BRDA:128,22,1,0
BRDA:131,23,0,0
BRDA:131,23,1,0
BRDA:132,24,0,0
BRDA:132,24,1,0
BRDA:134,25,0,0
BRDA:134,25,1,0
BRF:42
BRH:0
end_of_record
TN:
SF:src\modules\ocr\ocr.module.ts
FNF:0
FNH:0
DA:1,0
DA:2,0
DA:3,0
DA:4,0
DA:5,0
DA:6,0
DA:7,0
DA:8,0
DA:9,0
DA:10,0
DA:11,0
DA:12,0
DA:13,0
DA:15,0
DA:36,0
LF:15
LH:0
BRDA:15,0,0,0
BRDA:15,0,1,0
BRF:2
BRH:0
end_of_record
TN:
SF:src\modules\ocr\ocr.service.ts
FN:39,(anonymous_2)
FN:48,(anonymous_3)
FN:145,(anonymous_4)
FN:176,(anonymous_5)
FN:206,(anonymous_6)
FN:211,(anonymous_7)
FN:221,(anonymous_8)
FN:366,(anonymous_9)
FN:372,(anonymous_10)
FN:379,(anonymous_11)
FN:383,(anonymous_12)
FN:390,(anonymous_13)
FN:416,(anonymous_14)
FN:429,(anonymous_15)
FN:441,(anonymous_16)
FN:445,(anonymous_17)
FN:478,(anonymous_18)
FNF:17
FNH:0
FNDA:0,(anonymous_2)
FNDA:0,(anonymous_3)
FNDA:0,(anonymous_4)
FNDA:0,(anonymous_5)
FNDA:0,(anonymous_6)
FNDA:0,(anonymous_7)
FNDA:0,(anonymous_8)
FNDA:0,(anonymous_9)
FNDA:0,(anonymous_10)
FNDA:0,(anonymous_11)
FNDA:0,(anonymous_12)
FNDA:0,(anonymous_13)
FNDA:0,(anonymous_14)
FNDA:0,(anonymous_15)
FNDA:0,(anonymous_16)
FNDA:0,(anonymous_17)
FNDA:0,(anonymous_18)
DA:1,0
DA:7,0
DA:8,0
DA:9,0
DA:10,0
DA:11,0
DA:15,0
DA:19,0
DA:20,0
DA:21,0
DA:23,0
DA:27,0
DA:31,0
DA:32,0
DA:33,0
DA:35,0
DA:38,0
DA:40,0
DA:41,0
DA:42,0
DA:43,0
DA:44,0
DA:45,0
DA:53,0
DA:54,0
DA:57,0
DA:60,0
DA:61,0
DA:64,0
DA:65,0
DA:72,0
DA:73,0
DA:75,0
DA:76,0
DA:80,0
DA:81,0
DA:83,0
DA:84,0
DA:85,0
DA:88,0
DA:95,0
DA:96,0
DA:97,0
DA:101,0
DA:103,0
DA:114,0
DA:126,0
DA:132,0
DA:133,0
DA:138,0
DA:139,0
DA:142,0
DA:146,0
DA:150,0
DA:151,0
DA:153,0
DA:161,0
DA:165,0
DA:170,0
DA:171,0
DA:173,0
DA:177,0
DA:181,0
DA:185,0
DA:186,0
DA:188,0
DA:189,0
DA:196,0
DA:206,0
DA:208,0
DA:212,0
DA:215,0
DA:216,0
DA:218,0
DA:222,0
DA:225,0
DA:226,0
DA:228,0
DA:229,0
DA:232,0
DA:236,0
DA:238,0
DA:239,0
DA:246,0
DA:247,0
DA:250,0
DA:265,0
DA:266,0
DA:268,0
DA:277,0
DA:283,0
DA:284,0
DA:289,0
DA:310,0
DA:311,0
DA:313,0
DA:314,0
DA:325,0
DA:330,0
DA:335,0
DA:336,0
DA:339,0
DA:346,0
DA:350,0
DA:360,0
DA:369,0
DA:372,0
DA:373,0
DA:379,0
DA:381,0
DA:383,0
DA:402,0
DA:420,0
DA:423,0
DA:424,0
DA:425,0
DA:426,0
DA:438,0
DA:440,0
DA:441,0
DA:444,0
DA:445,0
DA:448,0
DA:449,0
DA:451,0
DA:452,0
DA:454,0
DA:455,0
DA:463,0
DA:464,0
DA:467,0
DA:477,0
DA:479,0
LF:133
LH:0
BRDA:53,0,0,0
BRDA:53,1,0,0
BRDA:53,1,1,0
BRDA:60,2,0,0
BRDA:64,3,0,0
BRDA:72,4,0,0
BRDA:75,5,0,0
BRDA:75,6,0,0
BRDA:75,6,1,0
BRDA:80,7,0,0
BRDA:80,7,1,0
BRDA:84,8,0,0
BRDA:93,9,0,0
BRDA:93,9,1,0
BRDA:96,10,0,0
BRDA:109,11,0,0
BRDA:109,11,1,0
BRDA:119,12,0,0
BRDA:119,12,1,0
BRDA:132,13,0,0
BRDA:132,13,1,0
BRDA:138,14,0,0
BRDA:150,15,0,0
BRDA:170,16,0,0
BRDA:185,17,0,0
BRDA:188,18,0,0
BRDA:215,19,0,0
BRDA:225,20,0,0
BRDA:228,21,0,0
BRDA:238,22,0,0
BRDA:238,22,1,0
BRDA:238,23,0,0
BRDA:238,23,1,0
BRDA:246,24,0,0
BRDA:253,25,0,0
BRDA:253,25,1,0
BRDA:256,26,0,0
BRDA:256,26,1,0
BRDA:260,27,0,0
BRDA:260,27,1,0
BRDA:283,28,0,0
BRDA:285,29,0,0
BRDA:285,29,1,0
BRDA:298,30,0,0
BRDA:298,30,1,0
BRDA:299,31,0,0
BRDA:299,31,1,0
BRDA:306,32,0,0
BRDA:306,32,1,0
BRDA:313,33,0,0
BRDA:335,34,0,0
BRDA:373,35,0,0
BRDA:373,35,1,0
BRDA:385,36,0,0
BRDA:385,36,1,0
BRDA:407,37,0,0
BRDA:407,37,1,0
BRDA:408,38,0,0
BRDA:408,38,1,0
BRDA:409,39,0,0
BRDA:409,39,1,0
BRDA:423,40,0,0
BRDA:424,41,0,0
BRDA:425,42,0,0
BRDA:440,43,0,0
BRDA:440,43,1,0
BRDA:444,44,0,0
BRDA:444,44,1,0
BRDA:448,45,0,0
BRDA:451,46,0,0
BRDA:454,47,0,0
BRDA:454,48,0,0
BRDA:454,48,1,0
BRDA:463,49,0,0
BRDA:478,50,0,0
BRDA:478,50,1,0
BRF:76
BRH:0
end_of_record
TN:
SF:src\modules\ocr\dto\confirm-ocr.dto.ts
FNF:0
FNH:0
DA:1,0
DA:2,0
DA:13,0
DA:16,0
DA:20,0
DA:24,0
DA:29,0
DA:34,0
DA:38,0
DA:42,0
DA:46,0
DA:50,0
LF:12
LH:0
BRF:0
BRH:0
end_of_record
TN:
SF:src\modules\ocr\dto\list-ocr-query.dto.ts
FN:12,(anonymous_2)
FNF:1
FNH:0
FNDA:0,(anonymous_2)
DA:1,0
DA:2,0
DA:3,0
DA:4,0
DA:6,0
DA:9,0
DA:12,0
DA:14,0
LF:8
LH:0
BRDA:12,0,0,0
BRDA:12,0,1,0
BRF:2
BRH:0
end_of_record
TN:
SF:src\modules\ocr\dto\submit-ocr.dto.ts
FNF:0
FNH:0
DA:1,0
DA:2,0
DA:4,0
DA:6,0
DA:10,0
DA:13,0
LF:6
LH:0
BRF:0
BRH:0
end_of_record
TN:
SF:src\modules\ocr\parsers\regex.parser.ts
FN:40,(anonymous_1)
FN:48,(anonymous_2)
FN:52,(anonymous_3)
FN:55,(anonymous_4)
FN:60,(anonymous_5)
FN:80,(anonymous_6)
FN:84,(anonymous_7)
FN:95,(anonymous_8)
FN:105,(anonymous_9)
FN:115,(anonymous_10)
FN:130,(anonymous_11)
FN:152,(anonymous_12)
FN:159,(anonymous_13)
FN:208,(anonymous_14)
FN:214,(anonymous_15)
FN:224,(anonymous_16)
FN:232,(anonymous_17)
FN:240,(anonymous_18)
FN:250,(anonymous_19)
FNF:19
FNH:0
FNDA:0,(anonymous_1)
FNDA:0,(anonymous_2)
FNDA:0,(anonymous_3)
FNDA:0,(anonymous_4)
FNDA:0,(anonymous_5)
FNDA:0,(anonymous_6)
FNDA:0,(anonymous_7)
FNDA:0,(anonymous_8)
FNDA:0,(anonymous_9)
FNDA:0,(anonymous_10)
FNDA:0,(anonymous_11)
FNDA:0,(anonymous_12)
FNDA:0,(anonymous_13)
FNDA:0,(anonymous_14)
FNDA:0,(anonymous_15)
FNDA:0,(anonymous_16)
FNDA:0,(anonymous_17)
FNDA:0,(anonymous_18)
FNDA:0,(anonymous_19)
DA:1,0
DA:3,0
DA:4,0
DA:10,0
DA:13,0
DA:16,0
DA:19,0
DA:22,0
DA:25,0
DA:29,0
DA:32,0
DA:35,0
DA:41,0
DA:42,0
DA:43,0
DA:46,0
DA:48,0
DA:51,0
DA:52,0
DA:54,0
DA:55,0
DA:59,0
DA:60,0
DA:61,0
DA:62,0
DA:63,0
DA:64,0
DA:67,0
DA:69,0
DA:81,0
DA:85,0
DA:86,0
DA:87,0
DA:88,0
DA:89,0
DA:90,0
DA:92,0
DA:96,0
DA:97,0
DA:98,0
DA:99,0
DA:100,0
DA:105,0
DA:106,0
DA:107,0
DA:109,0
DA:110,0
DA:112,0
DA:116,0
DA:117,0
DA:119,0
DA:120,0
DA:121,0
DA:122,0
DA:123,0
DA:124,0
DA:125,0
DA:126,0
DA:127,0
DA:137,0
DA:138,0
DA:139,0
DA:140,0
DA:141,0
DA:143,0
DA:144,0
DA:145,0
DA:149,0
DA:153,0
DA:154,0
DA:170,0
DA:172,0
DA:173,0
DA:177,0
DA:179,0
DA:180,0
DA:181,0
DA:183,0
DA:184,0
DA:185,0
DA:187,0
DA:188,0
DA:189,0
DA:191,0
DA:194,0
DA:195,0
DA:196,0
DA:197,0
DA:198,0
DA:199,0
DA:203,0
DA:204,0
DA:207,0
DA:208,0
DA:209,0
DA:212,0
DA:213,0
DA:215,0
DA:217,0
DA:218,0
DA:222,0
DA:223,0
DA:224,0
DA:226,0
DA:227,0
DA:228,0
DA:230,0
DA:231,0
DA:232,0
DA:233,0
DA:237,0
DA:241,0
DA:242,0
DA:243,0
DA:244,0
DA:245,0
DA:246,0
DA:247,0
DA:248,0
DA:249,0
DA:250,0
LF:121
LH:0
BRDA:42,0,0,0
BRDA:61,1,0,0
BRDA:61,2,0,0
BRDA:61,2,1,0
BRDA:62,3,0,0
BRDA:63,4,0,0
BRDA:63,5,0,0
BRDA:63,5,1,0
BRDA:70,6,0,0
BRDA:70,6,1,0
BRDA:71,7,0,0
BRDA:71,7,1,0
BRDA:72,8,0,0
BRDA:72,8,1,0
BRDA:73,9,0,0
BRDA:73,9,1,0
BRDA:74,10,0,0
BRDA:74,10,1,0
BRDA:76,11,0,0
BRDA:76,11,1,0
BRDA:88,12,0,0
BRDA:88,13,0,0
BRDA:88,13,1,0
BRDA:90,14,0,0
BRDA:95,15,0,0
BRDA:99,16,0,0
BRDA:99,17,0,0
BRDA:99,17,1,0
BRDA:107,18,0,0
BRDA:107,18,1,0
BRDA:107,18,2,0
BRDA:109,19,0,0
BRDA:116,20,0,0
BRDA:116,21,0,0
BRDA:116,21,1,0
BRDA:116,21,2,0
BRDA:120,22,0,0
BRDA:121,23,0,0
BRDA:123,24,0,0
BRDA:124,25,0,0
BRDA:125,26,0,0
BRDA:126,27,0,0
BRDA:126,28,0,0
BRDA:126,28,1,0
BRDA:138,29,0,0
BRDA:138,30,0,0
BRDA:138,30,1,0
BRDA:139,31,0,0
BRDA:139,32,0,0
BRDA:139,32,1,0
BRDA:140,33,0,0
BRDA:140,34,0,0
BRDA:140,34,1,0
BRDA:141,35,0,0
BRDA:144,36,0,0
BRDA:144,37,0,0
BRDA:144,37,1,0
BRDA:149,38,0,0
BRDA:149,38,1,0
BRDA:149,39,0,0
BRDA:149,39,1,0
BRDA:155,40,0,0
BRDA:155,40,1,0
BRDA:173,41,0,0
BRDA:174,42,0,0
BRDA:174,42,1,0
BRDA:174,42,2,0
BRDA:179,43,0,0
BRDA:179,44,0,0
BRDA:179,44,1,0
BRDA:179,44,2,0
BRDA:183,45,0,0
BRDA:183,46,0,0
BRDA:183,46,1,0
BRDA:187,47,0,0
BRDA:187,48,0,0
BRDA:187,48,1,0
BRDA:194,49,0,0
BRDA:194,50,0,0
BRDA:194,50,1,0
BRDA:196,51,0,0
BRDA:196,51,1,0
BRDA:196,52,0,0
BRDA:196,52,1,0
BRDA:198,53,0,0
BRDA:203,54,0,0
BRDA:207,55,0,0
BRDA:207,56,0,0
BRDA:207,56,1,0
BRDA:209,57,0,0
BRDA:212,58,0,0
BRDA:212,59,0,0
BRDA:212,59,1,0
BRDA:215,60,0,0
BRDA:215,60,1,0
BRDA:215,60,2,0
BRDA:217,61,0,0
BRDA:217,62,0,0
BRDA:217,62,1,0
BRDA:222,63,0,0
BRDA:222,64,0,0
BRDA:222,64,1,0
BRDA:224,65,0,0
BRDA:224,65,1,0
BRDA:226,66,0,0
BRDA:226,66,1,0
BRDA:227,67,0,0
BRDA:227,67,1,0
BRDA:233,68,0,0
BRDA:241,69,0,0
BRDA:241,70,0,0
BRDA:241,70,1,0
BRDA:242,71,0,0
BRDA:243,72,0,0
BRDA:244,73,0,0
BRDA:245,74,0,0
BRDA:246,75,0,0
BRDA:246,76,0,0
BRDA:246,76,1,0
BRDA:247,77,0,0
BRDA:249,78,0,0
BRDA:249,79,0,0
BRDA:249,79,1,0
BRF:123
BRH:0
end_of_record
TN:
SF:src\modules\ocr\processors\ocr-processing.processor.ts
FN:12,(anonymous_2)
FN:16,(anonymous_3)
FNF:2
FNH:0
FNDA:0,(anonymous_2)
FNDA:0,(anonymous_3)
DA:1,0
DA:2,0
DA:4,0
DA:6,0
DA:9,0
DA:10,0
DA:12,0
DA:13,0
DA:17,0
DA:18,0
LF:10
LH:0
BRF:0
BRH:0
end_of_record
TN:
SF:src\modules\ocr\providers\google-vision.provider.ts
FN:18,(anonymous_1)
FN:37,(anonymous_2)
FN:45,(anonymous_3)
FN:100,(anonymous_4)
FN:111,(anonymous_5)
FN:141,(anonymous_6)
FN:156,(anonymous_7)
FN:164,(anonymous_8)
FN:172,(anonymous_9)
FN:174,(anonymous_10)
FN:187,(anonymous_11)
FN:225,(anonymous_12)
FN:231,(anonymous_13)
FNF:13
FNH:0
FNDA:0,(anonymous_1)
FNDA:0,(anonymous_2)
FNDA:0,(anonymous_3)
FNDA:0,(anonymous_4)
FNDA:0,(anonymous_5)
FNDA:0,(anonymous_6)
FNDA:0,(anonymous_7)
FNDA:0,(anonymous_8)
FNDA:0,(anonymous_9)
FNDA:0,(anonymous_10)
FNDA:0,(anonymous_11)
FNDA:0,(anonymous_12)
FNDA:0,(anonymous_13)
DA:1,0
DA:2,0
DA:3,0
DA:4,0
DA:11,0
DA:12,0
DA:14,0
DA:15,0
DA:16,0
DA:19,0
DA:20,0
DA:21,0
DA:24,0
DA:25,0
DA:26,0
DA:28,0
DA:30,0
DA:41,0
DA:42,0
DA:49,0
DA:50,0
DA:53,0
DA:54,0
DA:55,0
DA:56,0
DA:58,0
DA:59,0
DA:64,0
DA:65,0
DA:66,0
DA:67,0
DA:69,0
DA:78,0
DA:79,0
DA:85,0
DA:91,0
DA:92,0
DA:93,0
DA:96,0
DA:101,0
DA:102,0
DA:104,0
DA:105,0
DA:107,0
DA:108,0
DA:112,0
DA:113,0
DA:114,0
DA:117,0
DA:118,0
DA:122,0
DA:125,0
DA:126,0
DA:127,0
DA:130,0
DA:131,0
DA:135,0
DA:138,0
DA:142,0
DA:143,0
DA:144,0
DA:149,0
DA:150,0
DA:153,0
DA:157,0
DA:161,0
DA:169,0
DA:170,0
DA:173,0
DA:175,0
DA:183,0
DA:196,0
DA:197,0
DA:200,0
DA:201,0
DA:203,0
DA:204,0
DA:205,0
DA:206,0
DA:207,0
DA:208,0
DA:209,0
DA:210,0
DA:211,0
DA:212,0
DA:213,0
DA:220,0
DA:225,0
DA:232,0
DA:233,0
DA:236,0
DA:237,0
DA:239,0
DA:240,0
DA:242,0
DA:248,0
DA:250,0
DA:254,0
DA:256,0
DA:261,0
DA:263,0
DA:269,0
DA:271,0
DA:272,0
DA:275,0
LF:105
LH:0
BRDA:19,0,0,0
BRDA:19,0,1,0
BRDA:20,1,0,0
BRDA:29,2,0,0
BRDA:29,2,1,0
BRDA:49,3,0,0
BRDA:56,4,0,0
BRDA:56,4,1,0
BRDA:66,5,0,0
BRDA:66,5,1,0
BRDA:71,6,0,0
BRDA:71,6,1,0
BRDA:72,7,0,0
BRDA:72,7,1,0
BRDA:73,8,0,0
BRDA:73,8,1,0
BRDA:78,9,0,0
BRDA:101,10,0,0
BRDA:104,11,0,0
BRDA:113,12,0,0
BRDA:114,13,0,0
BRDA:114,13,1,0
BRDA:117,14,0,0
BRDA:126,15,0,0
BRDA:127,16,0,0
BRDA:127,16,1,0
BRDA:130,17,0,0
BRDA:143,18,0,0
BRDA:149,19,0,0
BRDA:158,20,0,0
BRDA:158,20,1,0
BRDA:161,21,0,0
BRDA:161,21,1,0
BRDA:161,22,0,0
BRDA:161,22,1,0
BRDA:183,23,0,0
BRDA:196,24,0,0
BRDA:204,25,0,0
BRDA:205,26,0,0
BRDA:205,26,1,0
BRDA:206,27,0,0
BRDA:208,28,0,0
BRDA:208,28,1,0
BRDA:209,29,0,0
BRDA:210,30,0,0
BRDA:210,30,1,0
BRDA:211,31,0,0
BRDA:212,32,0,0
BRDA:212,33,0,0
BRDA:212,33,1,0
BRDA:224,34,0,0
BRDA:224,34,1,0
BRDA:232,35,0,0
BRDA:239,36,0,0
BRDA:242,37,0,0
BRDA:243,38,0,0
BRDA:243,38,1,0
BRDA:243,38,2,0
BRDA:243,38,3,0
BRDA:250,39,0,0
BRDA:251,40,0,0
BRDA:251,40,1,0
BRDA:256,41,0,0
BRDA:257,42,0,0
BRDA:257,42,1,0
BRDA:257,42,2,0
BRDA:263,43,0,0
BRDA:264,44,0,0
BRDA:264,44,1,0
BRDA:264,44,2,0
BRDA:264,44,3,0
BRDA:271,45,0,0
BRDA:271,46,0,0
BRDA:271,46,1,0
BRF:74
BRH:0
end_of_record
TN:
SF:src\modules\ocr\providers\ocr-provider.factory.ts
FN:12,(anonymous_2)
FN:18,(anonymous_3)
FN:30,(anonymous_4)
FNF:3
FNH:0
FNDA:0,(anonymous_2)
FNDA:0,(anonymous_3)
FNDA:0,(anonymous_4)
DA:1,0
DA:3,0
DA:4,0
DA:9,0
DA:10,0
DA:13,0
DA:14,0
DA:19,0
DA:20,0
DA:21,0
DA:22,0
DA:26,0
DA:31,0
DA:32,0
LF:14
LH:0
BRDA:19,0,0,0
BRDA:19,0,1,0
BRDA:20,1,0,0
BRDA:21,2,0,0
BRDA:32,3,0,0
BRDA:32,3,1,0
BRF:6
BRH:0
end_of_record
TN:
SF:src\modules\ocr\providers\paddle-ocr.provider.ts
FN:27,(anonymous_1)
FN:35,(anonymous_2)
FN:43,(anonymous_3)
FN:79,(anonymous_4)
FNF:4
FNH:0
FNDA:0,(anonymous_1)
FNDA:0,(anonymous_2)
FNDA:0,(anonymous_3)
FNDA:0,(anonymous_4)
DA:1,0
DA:21,0
DA:22,0
DA:24,0
DA:25,0
DA:28,0
DA:29,0
DA:30,0
DA:32,0
DA:36,0
DA:40,0
DA:44,0
DA:45,0
DA:46,0
DA:49,0
DA:50,0
DA:51,0
DA:52,0
DA:53,0
DA:56,0
DA:58,0
DA:59,0
DA:60,0
DA:61,0
DA:62,0
DA:66,0
DA:71,0
DA:72,0
DA:80,0
DA:81,0
DA:84,0
DA:85,0
DA:86,0
DA:88,0
DA:89,0
DA:90,0
DA:92,0
DA:93,0
DA:99,0
DA:101,0
DA:102,0
DA:103,0
DA:104,0
DA:105,0
DA:109,0
DA:112,0
DA:113,0
DA:115,0
DA:120,0
DA:121,0
DA:126,0
DA:128,0
DA:129,0
DA:130,0
DA:131,0
DA:134,0
DA:136,0
DA:137,0
LF:58
LH:0
BRDA:28,0,0,0
BRDA:29,1,0,0
BRDA:29,1,1,0
BRDA:37,2,0,0
BRDA:37,2,1,0
BRDA:40,3,0,0
BRDA:40,3,1,0
BRDA:40,4,0,0
BRDA:40,4,1,0
BRDA:44,5,0,0
BRDA:44,5,1,0
BRDA:45,6,0,0
BRDA:52,7,0,0
BRDA:59,8,0,0
BRDA:59,8,1,0
BRDA:61,9,0,0
BRDA:61,9,1,0
BRDA:71,10,0,0
BRDA:71,10,1,0
BRDA:80,11,0,0
BRDA:101,12,0,0
BRDA:105,13,0,0
BRDA:113,14,0,0
BRDA:113,14,1,0
BRDA:116,15,0,0
BRDA:116,15,1,0
BRDA:117,16,0,0
BRDA:117,16,1,0
BRDA:120,17,0,0
BRDA:129,18,0,0
BRDA:129,18,1,0
BRDA:130,19,0,0
BRDA:130,20,0,0
BRDA:130,20,1,0
BRDA:137,21,0,0
BRDA:137,21,1,0
BRF:36
BRH:0
end_of_record
TN:
SF:src\modules\ocr\utils\cleanup.ts
FN:4,normalizeWhitespace
FN:13,dedupeLines
FN:25,cleanOcrText
FN:30,(anonymous_3)
FN:36,linesFromOcrText
FN:39,(anonymous_5)
FNF:6
FNH:0
FNDA:0,normalizeWhitespace
FNDA:0,dedupeLines
FNDA:0,cleanOcrText
FNDA:0,(anonymous_3)
FNDA:0,linesFromOcrText
FNDA:0,(anonymous_5)
DA:4,0
DA:5,0
DA:13,0
DA:14,0
DA:15,0
DA:16,0
DA:17,0
DA:18,0
DA:19,0
DA:20,0
DA:22,0
DA:25,0
DA:26,0
DA:27,0
DA:30,0
DA:33,0
DA:36,0
DA:37,0
DA:39,0
LF:19
LH:0
BRDA:18,0,0,0
BRDA:18,1,0,0
BRDA:18,1,1,0
BRF:3
BRH:0
end_of_record
TN:
SF:src\modules\ocr\utils\confidence.ts
FN:16,buildConfidenceScores
FN:44,meanConfidence
FN:45,(anonymous_2)
FN:47,(anonymous_3)
FNF:4
FNH:0
FNDA:0,buildConfidenceScores
FNDA:0,meanConfidence
FNDA:0,(anonymous_2)
FNDA:0,(anonymous_3)
DA:3,0
DA:16,0
DA:20,0
DA:41,0
DA:44,0
DA:45,0
DA:46,0
DA:47,0
LF:8
LH:0
BRDA:21,0,0,0
BRDA:21,0,1,0
BRDA:22,1,0,0
BRDA:22,1,1,0
BRDA:26,2,0,0
BRDA:26,2,1,0
BRDA:27,3,0,0
BRDA:27,3,1,0
BRDA:31,4,0,0
BRDA:31,4,1,0
BRDA:32,5,0,0
BRDA:32,5,1,0
BRDA:36,6,0,0
BRDA:36,6,1,0
BRDA:37,7,0,0
BRDA:37,7,1,0
BRDA:38,8,0,0
BRDA:38,8,1,0
BRDA:46,9,0,0
BRF:19
BRH:0
end_of_record
TN:
SF:src\modules\ocr\utils\field-sanitize.ts
FN:2,sanitizeEmail
FN:14,sanitizePhone
FN:25,isPlausibleWebsite
FN:46,(anonymous_3)
FN:51,normalizeWebsite
FNF:5
FNH:0
FNDA:0,sanitizeEmail
FNDA:0,sanitizePhone
FNDA:0,isPlausibleWebsite
FNDA:0,(anonymous_3)
FNDA:0,normalizeWebsite
DA:2,0
DA:3,0
DA:4,0
DA:5,0
DA:7,0
DA:8,0
DA:10,0
DA:11,0
DA:14,0
DA:15,0
DA:19,0
DA:22,0
DA:25,0
DA:26,0
DA:27,0
DA:29,0
DA:35,0
DA:36,0
DA:37,0
DA:39,0
DA:40,0
DA:42,0
DA:43,0
DA:45,0
DA:46,0
DA:48,0
DA:51,0
DA:52,0
DA:53,0
DA:54,0
DA:55,0
DA:57,0
LF:32
LH:0
BRDA:5,0,0,0
BRDA:8,1,0,0
BRDA:11,2,0,0
BRDA:11,2,1,0
BRDA:27,3,0,0
BRDA:27,4,0,0
BRDA:27,4,1,0
BRDA:35,5,0,0
BRDA:36,6,0,0
BRDA:37,7,0,0
BRDA:40,8,0,0
BRDA:43,9,0,0
BRDA:43,10,0,0
BRDA:43,10,1,0
BRDA:46,11,0,0
BRDA:46,11,1,0
BRDA:53,12,0,0
BRDA:54,13,0,0
BRF:18
BRH:0
end_of_record
TN:
SF:src\modules\ocr\utils\job-status.ts
FN:6,hasCoreContactFields
FN:13,resolveOcrJobStatus
FNF:2
FNH:0
FNDA:0,hasCoreContactFields
FNDA:0,resolveOcrJobStatus
DA:3,0
DA:4,0
DA:6,0
DA:7,0
DA:13,0
DA:19,0
DA:20,0
DA:23,0
DA:27,0
DA:30,0
DA:31,0
DA:34,0
LF:12
LH:0
BRDA:8,0,0,0
BRDA:8,0,1,0
BRDA:8,0,2,0
BRDA:19,1,0,0
BRDA:19,2,0,0
BRDA:19,2,1,0
BRDA:23,3,0,0
BRDA:24,4,0,0
BRDA:24,4,1,0
BRDA:30,5,0,0
BRF:10
BRH:0
end_of_record
TN:
SF:src\modules\ocr\utils\ocr-debug-log.ts
FN:8,preview
FN:14,logFullTextEnabled
FN:19,providerLabel
FN:26,logOcrRawText
FN:41,(anonymous_4)
FN:77,(anonymous_5)
FN:85,logParserResult
FN:117,logOcrFailure
FN:132,(anonymous_8)
FN:140,logJobDiagnosis
FN:191,summarizeFields
FNF:11
FNH:0
FNDA:0,preview
FNDA:0,logFullTextEnabled
FNDA:0,providerLabel
FNDA:0,logOcrRawText
FNDA:0,(anonymous_4)
FNDA:0,(anonymous_5)
FNDA:0,logParserResult
FNDA:0,logOcrFailure
FNDA:0,(anonymous_8)
FNDA:0,logJobDiagnosis
FNDA:0,summarizeFields
DA:1,0
DA:3,0
DA:5,0
DA:6,0
DA:9,0
DA:10,0
DA:11,0
DA:15,0
DA:16,0
DA:20,0
DA:21,0
DA:22,0
DA:26,0
DA:38,0
DA:39,0
DA:40,0
DA:41,0
DA:44,0
DA:54,0
DA:55,0
DA:59,0
DA:62,0
DA:65,0
DA:67,0
DA:69,0
DA:72,0
DA:77,0
DA:82,0
DA:85,0
DA:92,0
DA:93,0
DA:94,0
DA:96,0
DA:102,0
DA:104,0
DA:105,0
DA:109,0
DA:110,0
DA:117,0
DA:124,0
DA:125,0
DA:132,0
DA:137,0
DA:140,0
DA:161,0
DA:163,0
DA:164,0
DA:165,0
DA:166,0
DA:167,0
DA:168,0
DA:170,0
DA:174,0
DA:183,0
DA:191,0
DA:199,0
DA:200,0
DA:201,0
DA:202,0
DA:203,0
DA:204,0
DA:205,0
DA:206,0
LF:63
LH:0
BRDA:8,0,0,0
BRDA:10,1,0,0
BRDA:16,2,0,0
BRDA:16,2,1,0
BRDA:16,2,2,0
BRDA:20,3,0,0
BRDA:21,4,0,0
BRDA:40,5,0,0
BRDA:40,5,1,0
BRDA:44,6,0,0
BRDA:44,6,1,0
BRDA:44,7,0,0
BRDA:44,7,1,0
BRDA:44,7,2,0
BRDA:47,8,0,0
BRDA:47,8,1,0
BRDA:48,9,0,0
BRDA:48,9,1,0
BRDA:49,10,0,0
BRDA:49,10,1,0
BRDA:54,11,0,0
BRDA:67,12,0,0
BRDA:67,13,0,0
BRDA:67,13,1,0
BRDA:69,14,0,0
BRDA:69,14,1,0
BRDA:92,15,0,0
BRDA:92,15,1,0
BRDA:93,16,0,0
BRDA:93,16,1,0
BRDA:94,17,0,0
BRDA:94,17,1,0
BRDA:98,18,0,0
BRDA:98,18,1,0
BRDA:99,19,0,0
BRDA:99,19,1,0
BRDA:99,20,0,0
BRDA:99,20,1,0
BRDA:104,21,0,0
BRDA:104,21,1,0
BRDA:104,22,0,0
BRDA:104,22,1,0
BRDA:104,22,2,0
BRDA:104,22,3,0
BRDA:109,23,0,0
BRDA:163,24,0,0
BRDA:163,24,1,0
BRDA:165,25,0,0
BRDA:165,25,1,0
BRDA:167,26,0,0
BRDA:167,26,1,0
BRDA:174,27,0,0
BRDA:174,27,1,0
BRDA:174,28,0,0
BRDA:174,28,1,0
BRDA:176,29,0,0
BRDA:176,29,1,0
BRDA:177,30,0,0
BRDA:177,30,1,0
BRDA:178,31,0,0
BRDA:178,31,1,0
BRDA:187,32,0,0
BRDA:187,32,1,0
BRDA:200,33,0,0
BRDA:201,34,0,0
BRDA:202,35,0,0
BRDA:203,36,0,0
BRDA:204,37,0,0
BRDA:205,38,0,0
BRDA:206,39,0,0
BRDA:206,39,1,0
BRF:71
BRH:0
end_of_record
TN:
SF:src\modules\organizations\organization-quota.service.ts
FN:7,(anonymous_2)
FN:9,(anonymous_3)
FN:18,(anonymous_4)
FNF:3
FNH:0
FNDA:0,(anonymous_2)
FNDA:0,(anonymous_3)
FNDA:0,(anonymous_4)
DA:1,0
DA:2,0
DA:3,0
DA:6,0
DA:7,0
DA:10,0
DA:13,0
DA:14,0
DA:19,0
DA:22,0
DA:23,0
DA:25,0
DA:28,0
DA:29,0
LF:14
LH:0
BRDA:13,0,0,0
BRDA:13,1,0,0
BRDA:13,1,1,0
BRDA:13,1,2,0
BRDA:22,2,0,0
BRDA:28,3,0,0
BRF:6
BRH:0
end_of_record
TN:
SF:src\modules\organizations\organizations.controller.ts
FN:22,(anonymous_4)
FN:25,(anonymous_5)
FN:31,(anonymous_6)
FN:37,(anonymous_7)
FN:46,(anonymous_8)
FN:56,(anonymous_9)
FNF:6
FNH:0
FNDA:0,(anonymous_4)
FNDA:0,(anonymous_5)
FNDA:0,(anonymous_6)
FNDA:0,(anonymous_7)
FNDA:0,(anonymous_8)
FNDA:0,(anonymous_9)
DA:1,0
DA:11,0
DA:12,0
DA:13,0
DA:15,0
DA:16,0
DA:17,0
DA:21,0
DA:22,0
DA:25,0
DA:26,0
DA:27,0
DA:31,0
DA:32,0
DA:33,0
DA:37,0
DA:41,0
DA:42,0
DA:46,0
DA:51,0
DA:52,0
DA:56,0
DA:60,0
DA:61,0
LF:24
LH:0
BRF:0
BRH:0
end_of_record
TN:
SF:src\modules\organizations\organizations.module.ts
FNF:0
FNH:0
DA:1,0
DA:2,0
DA:3,0
DA:4,0
DA:5,0
DA:12,0
LF:6
LH:0
BRF:0
BRH:0
end_of_record
TN:
SF:src\modules\organizations\organizations.service.ts
FN:43,(anonymous_2)
FN:48,(anonymous_3)
FN:81,(anonymous_4)
FN:87,(anonymous_5)
FN:98,(anonymous_6)
FN:109,(anonymous_7)
FN:121,(anonymous_8)
FN:131,(anonymous_9)
FN:153,(anonymous_10)
FN:174,(anonymous_11)
FN:220,(anonymous_12)
FN:279,(anonymous_13)
FNF:12
FNH:0
FNDA:0,(anonymous_2)
FNDA:0,(anonymous_3)
FNDA:0,(anonymous_4)
FNDA:0,(anonymous_5)
FNDA:0,(anonymous_6)
FNDA:0,(anonymous_7)
FNDA:0,(anonymous_8)
FNDA:0,(anonymous_9)
FNDA:0,(anonymous_10)
FNDA:0,(anonymous_11)
FNDA:0,(anonymous_12)
FNDA:0,(anonymous_13)
DA:1,0
DA:6,0
DA:7,0
DA:8,0
DA:9,0
DA:42,0
DA:44,0
DA:45,0
DA:65,0
DA:82,0
DA:87,0
DA:99,0
DA:100,0
DA:103,0
DA:104,0
DA:106,0
DA:110,0
DA:121,0
DA:122,0
DA:123,0
DA:132,0
DA:142,0
DA:143,0
DA:145,0
DA:146,0
DA:157,0
DA:158,0
DA:159,0
DA:162,0
DA:163,0
DA:166,0
DA:167,0
DA:170,0
DA:171,0
DA:174,0
DA:175,0
DA:188,0
DA:190,0
DA:201,0
DA:204,0
DA:213,0
DA:225,0
DA:231,0
DA:232,0
DA:235,0
DA:236,0
DA:237,0
DA:244,0
DA:245,0
DA:249,0
DA:253,0
DA:267,0
DA:276,0
DA:283,0
DA:287,0
DA:288,0
DA:291,0
DA:299,0
DA:308,0
LF:59
LH:0
BRDA:103,0,0,0
BRDA:126,1,0,0
BRDA:126,1,1,0
BRDA:142,2,0,0
BRDA:149,3,0,0
BRDA:149,3,1,0
BRDA:158,4,0,0
BRDA:158,4,1,0
BRDA:162,5,0,0
BRDA:170,6,0,0
BRDA:180,7,0,0
BRDA:180,7,1,0
BRDA:181,8,0,0
BRDA:181,8,1,0
BRDA:194,9,0,0
BRDA:194,9,1,0
BRDA:216,10,0,0
BRDA:216,10,1,0
BRDA:231,11,0,0
BRDA:236,12,0,0
BRDA:236,13,0,0
BRDA:236,13,1,0
BRDA:244,14,0,0
BRDA:249,15,0,0
BRDA:249,15,1,0
BRDA:258,16,0,0
BRDA:258,16,1,0
BRDA:287,17,0,0
BRF:28
BRH:0
end_of_record
TN:
SF:src\modules\organizations\plans.controller.ts
FN:9,(anonymous_2)
FN:12,(anonymous_3)
FNF:2
FNH:0
FNDA:0,(anonymous_2)
FNDA:0,(anonymous_3)
DA:1,0
DA:2,0
DA:3,0
DA:4,0
DA:8,0
DA:9,0
DA:12,0
DA:13,0
DA:14,0
LF:9
LH:0
BRF:0
BRH:0
end_of_record
TN:
SF:src\modules\organizations\dto\create-organization.dto.ts
FNF:0
FNH:0
DA:1,0
DA:12,0
DA:16,0
DA:21,0
DA:25,0
DA:30,0
DA:35,0
DA:39,0
DA:42,0
DA:47,0
DA:53,0
LF:11
LH:0
BRF:0
BRH:0
end_of_record
TN:
SF:src\modules\organizations\dto\update-organization.dto.ts
FNF:0
FNH:0
DA:1,0
DA:11,0
DA:16,0
DA:22,0
DA:26,0
DA:31,0
DA:36,0
DA:40,0
LF:8
LH:0
BRF:0
BRH:0
end_of_record
TN:
SF:src\modules\sessions\sessions.controller.ts
FN:24,(anonymous_4)
FN:27,(anonymous_5)
FN:39,(anonymous_6)
FN:48,(anonymous_7)
FN:57,(anonymous_8)
FN:67,(anonymous_9)
FN:76,(anonymous_10)
FN:85,(anonymous_11)
FN:100,(anonymous_12)
FN:110,(anonymous_13)
FN:119,(anonymous_14)
FNF:11
FNH:0
FNDA:0,(anonymous_4)
FNDA:0,(anonymous_5)
FNDA:0,(anonymous_6)
FNDA:0,(anonymous_7)
FNDA:0,(anonymous_8)
FNDA:0,(anonymous_9)
FNDA:0,(anonymous_10)
FNDA:0,(anonymous_11)
FNDA:0,(anonymous_12)
FNDA:0,(anonymous_13)
FNDA:0,(anonymous_14)
DA:1,0
DA:12,0
DA:13,0
DA:14,0
DA:16,0
DA:17,0
DA:18,0
DA:19,0
DA:20,0
DA:23,0
DA:24,0
DA:27,0
DA:31,0
DA:32,0
DA:39,0
DA:43,0
DA:44,0
DA:48,0
DA:52,0
DA:53,0
DA:57,0
DA:62,0
DA:63,0
DA:67,0
DA:71,0
DA:72,0
DA:76,0
DA:80,0
DA:81,0
DA:85,0
DA:89,0
DA:90,0
DA:100,0
DA:105,0
DA:106,0
DA:110,0
DA:114,0
DA:115,0
DA:119,0
DA:123,0
DA:124,0
LF:41
LH:0
BRF:0
BRH:0
end_of_record
TN:
SF:src\modules\sessions\sessions.mapper.ts
FN:22,toSessionDto
FNF:1
FNH:0
FNDA:0,toSessionDto
DA:22,0
DA:23,0
LF:2
LH:0
BRDA:32,0,0,0
BRDA:32,0,1,0
BRF:2
BRH:0
end_of_record
TN:
SF:src\modules\sessions\sessions.module.ts
FNF:0
FNH:0
DA:1,0
DA:2,0
DA:3,0
DA:10,0
LF:4
LH:0
BRF:0
BRH:0
end_of_record
TN:
SF:src\modules\sessions\sessions.service.ts
FN:19,(anonymous_2)
FN:24,(anonymous_3)
FN:31,(anonymous_4)
FN:60,(anonymous_5)
FN:70,(anonymous_6)
FN:112,(anonymous_7)
FN:150,(anonymous_8)
FN:164,(anonymous_9)
FN:184,(anonymous_10)
FN:198,(anonymous_11)
FN:226,(anonymous_12)
FN:238,(anonymous_13)
FN:249,(anonymous_14)
FN:257,(anonymous_15)
FN:291,(anonymous_16)
FNF:15
FNH:0
FNDA:0,(anonymous_2)
FNDA:0,(anonymous_3)
FNDA:0,(anonymous_4)
FNDA:0,(anonymous_5)
FNDA:0,(anonymous_6)
FNDA:0,(anonymous_7)
FNDA:0,(anonymous_8)
FNDA:0,(anonymous_9)
FNDA:0,(anonymous_10)
FNDA:0,(anonymous_11)
FNDA:0,(anonymous_12)
FNDA:0,(anonymous_13)
FNDA:0,(anonymous_14)
FNDA:0,(anonymous_15)
FNDA:0,(anonymous_16)
DA:1,0
DA:3,0
DA:4,0
DA:5,0
DA:9,0
DA:15,0
DA:18,0
DA:20,0
DA:21,0
DA:25,0
DA:32,0
DA:36,0
DA:37,0
DA:38,0
DA:40,0
DA:41,0
DA:47,0
DA:57,0
DA:61,0
DA:64,0
DA:65,0
DA:67,0
DA:74,0
DA:75,0
DA:81,0
DA:94,0
DA:102,0
DA:109,0
DA:117,0
DA:120,0
DA:121,0
DA:123,0
DA:124,0
DA:137,0
DA:147,0
DA:151,0
DA:152,0
DA:156,0
DA:161,0
DA:168,0
DA:169,0
DA:176,0
DA:181,0
DA:185,0
DA:186,0
DA:195,0
DA:203,0
DA:204,0
DA:211,0
DA:212,0
DA:214,0
DA:223,0
DA:227,0
DA:228,0
DA:239,0
DA:240,0
DA:249,0
DA:262,0
DA:263,0
DA:264,0
DA:267,0
DA:268,0
DA:282,0
DA:283,0
DA:286,0
DA:292,0
DA:295,0
DA:296,0
DA:297,0
LF:69
LH:0
BRDA:37,0,0,0
BRDA:40,1,0,0
BRDA:52,2,0,0
BRDA:52,2,1,0
BRDA:64,3,0,0
BRDA:74,4,0,0
BRDA:74,4,1,0
BRDA:87,5,0,0
BRDA:87,5,1,0
BRDA:88,6,0,0
BRDA:88,6,1,0
BRDA:90,7,0,0
BRDA:90,7,1,0
BRDA:120,8,0,0
BRDA:123,9,0,0
BRDA:123,10,0,0
BRDA:123,10,1,0
BRDA:127,11,0,0
BRDA:127,11,1,0
BRDA:129,12,0,0
BRDA:129,12,1,0
BRDA:143,13,0,0
BRDA:143,13,1,0
BRDA:144,14,0,0
BRDA:144,14,1,0
BRDA:211,15,0,0
BRDA:263,16,0,0
BRDA:271,17,0,0
BRDA:271,17,1,0
BRDA:282,18,0,0
BRF:30
BRH:0
end_of_record
TN:
SF:src\modules\sessions\dto\add-session-member.dto.ts
FNF:0
FNH:0
DA:1,0
DA:3,0
DA:5,0
LF:3
LH:0
BRF:0
BRH:0
end_of_record
TN:
SF:src\modules\sessions\dto\create-session.dto.ts
FNF:0
FNH:0
DA:1,0
DA:2,0
DA:11,0
DA:15,0
DA:18,0
DA:22,0
DA:26,0
DA:30,0
DA:34,0
LF:9
LH:0
BRF:0
BRH:0
end_of_record
TN:
SF:src\modules\sessions\dto\list-sessions-query.dto.ts
FN:12,(anonymous_2)
FNF:1
FNH:0
FNDA:0,(anonymous_2)
DA:1,0
DA:2,0
DA:3,0
DA:4,0
DA:6,0
DA:9,0
DA:12,0
DA:14,0
LF:8
LH:0
BRDA:12,0,0,0
BRDA:12,0,1,0
BRF:2
BRH:0
end_of_record
TN:
SF:src\modules\sessions\dto\update-session.dto.ts
FNF:0
FNH:0
DA:1,0
DA:3,0
DA:7,0
DA:11,0
DA:15,0
DA:19,0
DA:23,0
LF:7
LH:0
BRF:0
BRH:0
end_of_record
TN:
SF:src\modules\users\users.controller.ts
FN:29,(anonymous_4)
FN:32,(anonymous_5)
FN:38,(anonymous_6)
FN:50,(anonymous_7)
FN:59,(anonymous_8)
FN:69,(anonymous_9)
FNF:6
FNH:0
FNDA:0,(anonymous_4)
FNDA:0,(anonymous_5)
FNDA:0,(anonymous_6)
FNDA:0,(anonymous_7)
FNDA:0,(anonymous_8)
FNDA:0,(anonymous_9)
DA:1,0
DA:12,0
DA:13,0
DA:14,0
DA:16,0
DA:17,0
DA:18,0
DA:19,0
DA:28,0
DA:29,0
DA:32,0
DA:33,0
DA:34,0
DA:38,0
DA:42,0
DA:43,0
DA:50,0
DA:54,0
DA:55,0
DA:59,0
DA:64,0
DA:65,0
DA:69,0
DA:73,0
DA:74,0
LF:25
LH:0
BRF:0
BRH:0
end_of_record
TN:
SF:src\modules\users\users.mapper.ts
FN:13,toOrgUserDto
FNF:1
FNH:0
FNDA:0,toOrgUserDto
DA:13,0
DA:24,0
LF:2
LH:0
BRDA:27,0,0,0
BRDA:27,0,1,0
BRDA:32,1,0,0
BRDA:32,1,1,0
BRF:4
BRH:0
end_of_record
TN:
SF:src\modules\users\users.module.ts
FNF:0
FNH:0
DA:1,0
DA:2,0
DA:3,0
DA:4,0
DA:11,0
LF:5
LH:0
BRF:0
BRH:0
end_of_record
TN:
SF:src\modules\users\users.service.ts
FN:24,(anonymous_2)
FN:30,(anonymous_3)
FN:88,(anonymous_4)
FN:121,(anonymous_5)
FN:197,(anonymous_6)
FN:274,(anonymous_7)
FN:319,(anonymous_8)
FN:357,(anonymous_9)
FNF:8
FNH:0
FNDA:0,(anonymous_2)
FNDA:0,(anonymous_3)
FNDA:0,(anonymous_4)
FNDA:0,(anonymous_5)
FNDA:0,(anonymous_6)
FNDA:0,(anonymous_7)
FNDA:0,(anonymous_8)
FNDA:0,(anonymous_9)
DA:1,0
DA:7,0
DA:8,0
DA:9,0
DA:10,0
DA:14,0
DA:16,0
DA:20,0
DA:23,0
DA:25,0
DA:26,0
DA:27,0
DA:31,0
DA:35,0
DA:39,0
DA:43,0
DA:44,0
DA:46,0
DA:47,0
DA:50,0
DA:51,0
DA:54,0
DA:58,0
DA:62,0
DA:63,0
DA:64,0
DA:70,0
DA:85,0
DA:89,0
DA:115,0
DA:116,0
DA:118,0
DA:126,0
DA:141,0
DA:142,0
DA:145,0
DA:147,0
DA:148,0
DA:151,0
DA:152,0
DA:155,0
DA:156,0
DA:157,0
DA:160,0
DA:174,0
DA:175,0
DA:180,0
DA:194,0
DA:198,0
DA:199,0
DA:202,0
DA:203,0
DA:206,0
DA:207,0
DA:212,0
DA:215,0
DA:216,0
DA:221,0
DA:225,0
DA:231,0
DA:236,0
DA:237,0
DA:239,0
DA:241,0
DA:257,0
DA:271,0
DA:278,0
DA:288,0
DA:289,0
DA:292,0
DA:294,0
DA:295,0
DA:298,0
DA:305,0
DA:307,0
DA:316,0
DA:323,0
DA:324,0
DA:325,0
DA:329,0
DA:333,0
DA:335,0
DA:336,0
DA:340,0
DA:344,0
DA:346,0
DA:347,0
DA:348,0
DA:352,0
DA:354,0
DA:358,0
DA:359,0
DA:360,0
DA:364,0
DA:365,0
DA:366,0
DA:370,0
DA:372,0
DA:373,0
DA:377,0
DA:381,0
DA:383,0
DA:384,0
DA:385,0
DA:389,0
DA:391,0
LF:106
LH:0
BRDA:39,0,0,0
BRDA:39,0,1,0
BRDA:40,1,0,0
BRDA:40,1,1,0
BRDA:43,2,0,0
BRDA:46,3,0,0
BRDA:54,4,0,0
BRDA:55,5,0,0
BRDA:55,5,1,0
BRDA:62,6,0,0
BRDA:75,7,0,0
BRDA:75,7,1,0
BRDA:91,8,0,0
BRDA:91,8,1,0
BRDA:91,9,0,0
BRDA:91,9,1,0
BRDA:115,10,0,0
BRDA:130,11,0,0
BRDA:130,11,1,0
BRDA:130,12,0,0
BRDA:130,12,1,0
BRDA:141,13,0,0
BRDA:147,14,0,0
BRDA:151,15,0,0
BRDA:151,16,0,0
BRDA:151,16,1,0
BRDA:155,17,0,0
BRDA:155,18,0,0
BRDA:155,18,1,0
BRDA:174,19,0,0
BRDA:202,20,0,0
BRDA:207,21,0,0
BRDA:208,22,0,0
BRDA:208,22,1,0
BRDA:208,22,2,0
BRDA:215,23,0,0
BRDA:215,23,1,0
BRDA:216,24,0,0
BRDA:217,25,0,0
BRDA:217,25,1,0
BRDA:217,25,2,0
BRDA:225,26,0,0
BRDA:226,27,0,0
BRDA:226,27,1,0
BRDA:226,27,2,0
BRDA:226,27,3,0
BRDA:245,28,0,0
BRDA:245,28,1,0
BRDA:282,29,0,0
BRDA:282,29,1,0
BRDA:282,30,0,0
BRDA:282,30,1,0
BRDA:288,31,0,0
BRDA:294,32,0,0
BRDA:323,33,0,0
BRDA:324,34,0,0
BRDA:325,35,0,0
BRDA:326,36,0,0
BRDA:326,36,1,0
BRDA:335,37,0,0
BRDA:336,38,0,0
BRDA:337,39,0,0
BRDA:337,39,1,0
BRDA:346,40,0,0
BRDA:347,41,0,0
BRDA:347,42,0,0
BRDA:347,42,1,0
BRDA:358,43,0,0
BRDA:359,44,0,0
BRDA:364,45,0,0
BRDA:365,46,0,0
BRDA:372,47,0,0
BRDA:373,48,0,0
BRDA:374,49,0,0
BRDA:374,49,1,0
BRDA:383,50,0,0
BRDA:384,51,0,0
BRDA:384,52,0,0
BRDA:384,52,1,0
BRF:79
BRH:0
end_of_record
TN:
SF:src\modules\users\dto\create-user.dto.ts
FNF:0
FNH:0
DA:1,0
DA:2,0
DA:12,0
DA:14,0
DA:19,0
DA:24,0
DA:27,0
DA:31,0
LF:8
LH:0
BRF:0
BRH:0
end_of_record
TN:
SF:src\modules\users\dto\list-users-query.dto.ts
FNF:0
FNH:0
DA:1,0
DA:2,0
DA:3,0
DA:5,0
DA:8,0
DA:12,0
LF:6
LH:0
BRF:0
BRH:0
end_of_record
TN:
SF:src\modules\users\dto\update-user.dto.ts
FNF:0
FNH:0
DA:1,0
DA:2,0
DA:11,0
DA:16,0
DA:20,0
DA:24,0
LF:6
LH:0
BRF:0
BRH:0
end_of_record
TN:
SF:src\prisma\prisma.module.ts
FNF:0
FNH:0
DA:1,0
DA:2,0
DA:9,0
LF:3
LH:0
BRF:0
BRH:0
end_of_record
TN:
SF:src\prisma\prisma.service.ts
FN:13,(anonymous_2)
FN:23,(anonymous_3)
FN:83,(anonymous_4)
FN:103,(anonymous_5)
FN:107,(anonymous_6)
FN:112,(anonymous_7)
FN:122,(anonymous_8)
FNF:7
FNH:0
FNDA:0,(anonymous_2)
FNDA:0,(anonymous_3)
FNDA:0,(anonymous_4)
FNDA:0,(anonymous_5)
FNDA:0,(anonymous_6)
FNDA:0,(anonymous_7)
FNDA:0,(anonymous_8)
DA:1,3
DA:2,3
DA:3,3
DA:4,3
DA:7,3
DA:14,0
DA:16,0
DA:18,0
DA:20,0
DA:24,0
DA:27,0
DA:30,0
DA:31,0
DA:34,0
DA:51,0
DA:52,0
DA:64,0
DA:67,0
DA:71,0
DA:72,0
DA:76,0
DA:82,0
DA:84,0
DA:91,0
DA:92,0
DA:96,0
DA:97,0
DA:98,0
DA:104,0
DA:108,0
DA:113,0
DA:114,0
DA:115,0
DA:116,0
DA:118,0
DA:123,0
DA:124,0
LF:37
LH:5
BRDA:30,0,0,0
BRDA:30,1,0,0
BRDA:30,1,1,0
BRDA:51,2,0,0
BRDA:52,3,0,0
BRDA:64,4,0,0
BRDA:64,4,1,0
BRDA:67,5,0,0
BRDA:67,5,1,0
BRDA:84,6,0,0
BRDA:85,7,0,0
BRDA:85,7,1,0
BRDA:85,7,2,0
BRDA:85,7,3,0
BRDA:85,7,4,0
BRDA:92,8,0,0
BRDA:92,8,1,0
BRDA:98,9,0,0
BRDA:98,9,1,0
BRDA:114,10,0,0
BRDA:114,11,0,0
BRDA:114,11,1,0
BRF:22
BRH:0
end_of_record
TN:
SF:src\queue\job-queue.service.ts
FN:33,(anonymous_4)
FN:48,(anonymous_5)
FN:52,(anonymous_6)
FN:63,(anonymous_7)
FN:74,(anonymous_8)
FN:87,(anonymous_9)
FNF:6
FNH:0
FNDA:0,(anonymous_4)
FNDA:0,(anonymous_5)
FNDA:0,(anonymous_6)
FNDA:0,(anonymous_7)
FNDA:0,(anonymous_8)
FNDA:0,(anonymous_9)
DA:1,0
DA:2,0
DA:4,0
DA:30,0
DA:31,0
DA:36,0
DA:39,0
DA:42,0
DA:45,0
DA:49,0
DA:53,0
DA:54,0
DA:56,0
DA:60,0
DA:64,0
DA:65,0
DA:67,0
DA:71,0
DA:77,0
DA:78,0
DA:80,0
DA:84,0
DA:90,0
DA:91,0
DA:93,0
DA:94,0
LF:26
LH:0
BRDA:53,0,0,0
BRDA:64,1,0,0
BRDA:77,2,0,0
BRDA:90,3,0,0
BRF:4
BRH:0
end_of_record
TN:
SF:src\queue\queue.module.ts
FNF:0
FNH:0
DA:1,0
DA:2,0
DA:3,0
DA:4,0
DA:6,0
DA:8,0
DA:26,0
LF:7
LH:0
BRDA:8,0,0,0
BRDA:8,0,1,0
BRF:2
BRH:0
end_of_record
TN:
SF:src\redis\redis.module.ts
FNF:0
FNH:0
DA:1,0
DA:2,0
DA:9,0
LF:3
LH:0
BRF:0
BRH:0
end_of_record
TN:
SF:src\redis\redis.service.ts
FN:11,(anonymous_2)
FN:13,(anonymous_3)
FN:30,(anonymous_4)
FN:34,(anonymous_5)
FN:43,(anonymous_6)
FN:50,(anonymous_7)
FN:63,(anonymous_8)
FN:72,(anonymous_9)
FN:90,(anonymous_10)
FN:122,(anonymous_11)
FN:130,(anonymous_12)
FN:139,(anonymous_13)
FN:146,(anonymous_14)
FNF:13
FNH:0
FNDA:0,(anonymous_2)
FNDA:0,(anonymous_3)
FNDA:0,(anonymous_4)
FNDA:0,(anonymous_5)
FNDA:0,(anonymous_6)
FNDA:0,(anonymous_7)
FNDA:0,(anonymous_8)
FNDA:0,(anonymous_9)
FNDA:0,(anonymous_10)
FNDA:0,(anonymous_11)
FNDA:0,(anonymous_12)
FNDA:0,(anonymous_13)
FNDA:0,(anonymous_14)
DA:1,1
DA:2,1
DA:5,1
DA:6,0
DA:7,0
DA:8,0
DA:9,0
DA:12,0
DA:13,0
DA:14,0
DA:15,0
DA:16,0
DA:17,0
DA:20,0
DA:21,0
DA:22,0
DA:26,0
DA:31,0
DA:35,0
DA:36,0
DA:38,0
DA:39,0
DA:43,0
DA:44,0
DA:47,0
DA:51,0
DA:52,0
DA:53,0
DA:55,0
DA:56,0
DA:57,0
DA:59,0
DA:64,0
DA:65,0
DA:66,0
DA:67,0
DA:69,0
DA:73,0
DA:74,0
DA:75,0
DA:76,0
DA:78,0
DA:79,0
DA:80,0
DA:82,0
DA:83,0
DA:84,0
DA:86,0
DA:95,0
DA:96,0
DA:97,0
DA:98,0
DA:103,0
DA:104,0
DA:106,0
DA:107,0
DA:109,0
DA:110,0
DA:111,0
DA:112,0
DA:116,0
DA:118,0
DA:119,0
DA:123,0
DA:124,0
DA:125,0
DA:127,0
DA:131,0
DA:132,0
DA:133,0
DA:135,0
DA:136,0
DA:140,0
DA:141,0
DA:142,0
DA:147,0
LF:76
LH:3
BRDA:12,0,0,0
BRDA:16,1,0,0
BRDA:21,2,0,0
BRDA:35,3,0,0
BRDA:38,4,0,0
BRDA:52,5,0,0
BRDA:57,6,0,0
BRDA:57,6,1,0
BRDA:65,7,0,0
BRDA:74,8,0,0
BRDA:79,9,0,0
BRDA:82,10,0,0
BRDA:96,11,0,0
BRDA:103,12,0,0
BRDA:103,13,0,0
BRDA:103,13,1,0
BRDA:111,14,0,0
BRDA:111,15,0,0
BRDA:111,15,1,0
BRDA:124,16,0,0
BRDA:132,17,0,0
BRDA:136,18,0,0
BRDA:136,18,1,0
BRDA:141,19,0,0
BRF:24
BRH:0
end_of_record
TN:
SF:src\storage\storage.module.ts
FNF:0
FNH:0
DA:1,0
DA:2,0
DA:9,0
LF:3
LH:0
BRF:0
BRH:0
end_of_record
TN:
SF:src\storage\storage.service.ts
FN:19,(anonymous_2)
FN:21,(anonymous_3)
FN:29,(anonymous_4)
FN:39,(anonymous_5)
FN:62,(anonymous_6)
FN:79,(anonymous_7)
FN:112,(anonymous_8)
FNF:7
FNH:0
FNDA:0,(anonymous_2)
FNDA:0,(anonymous_3)
FNDA:0,(anonymous_4)
FNDA:0,(anonymous_5)
FNDA:0,(anonymous_6)
FNDA:0,(anonymous_7)
FNDA:0,(anonymous_8)
DA:1,0
DA:2,0
DA:3,0
DA:4,0
DA:5,0
DA:6,0
DA:7,0
DA:15,0
DA:16,0
DA:17,0
DA:19,0
DA:22,0
DA:30,0
DA:31,0
DA:36,0
DA:43,0
DA:46,0
DA:47,0
DA:49,0
DA:50,0
DA:54,0
DA:55,0
DA:56,0
DA:68,0
DA:69,0
DA:70,0
DA:72,0
DA:73,0
DA:75,0
DA:76,0
DA:87,0
DA:88,0
DA:90,0
DA:91,0
DA:92,0
DA:98,0
DA:99,0
DA:100,0
DA:102,0
DA:105,0
DA:106,0
DA:107,0
DA:108,0
DA:109,0
DA:116,0
DA:117,0
DA:118,0
DA:121,0
DA:122,0
DA:123,0
DA:125,0
DA:127,0
DA:128,0
LF:53
LH:0
BRDA:22,0,0,0
BRDA:22,0,1,0
BRDA:22,1,0,0
BRDA:22,1,1,0
BRDA:22,1,2,0
BRDA:30,2,0,0
BRDA:46,3,0,0
BRDA:54,4,0,0
BRDA:54,4,1,0
BRDA:55,5,0,0
BRDA:69,6,0,0
BRDA:72,7,0,0
BRDA:90,8,0,0
BRDA:91,9,0,0
BRDA:91,9,1,0
BRDA:98,10,0,0
BRDA:114,11,0,0
BRDA:116,12,0,0
BRDA:117,13,0,0
BRDA:117,13,1,0
BRDA:121,14,0,0
BRDA:127,15,0,0
BRDA:127,15,1,0
BRF:23
BRH:0
end_of_record
